[facebookapi - page] 1541186890186802
[facebookapi - page] 1541186890186802
So SP: 24
[facebookapi - page] 1541186890186802
page: 1
page: 1
So SP: 24
[facebookapi - page] 1541186890186802
[facebookapi - page] 1541186890186802
[facebookapi - page] 1541186890186802
[facebookapi - page] 1541186890186802
page: 1
[facebookapi - page] 1541186890186802
[facebookapi - page] 1541186890186802
So SP: 24
[facebookapi - page] 1541186890186802
So SP: 24
[facebookapi - page] 1541186890186802
[facebookapi - page] 1541186890186802
[facebookapi - page] 1541186890186802
[facebookapi - page] 1541186890186802
page: 1
page: 1
[facebookapi - page] 1541186890186802
So SP: 8
So SP: 5
page: 1
page: 1
So SP: 17
So SP: 24
So SP: 14
[facebookapi - page] 1541186890186802
page: 1
[facebookapi - page] 1541186890186802
So SP: 24
[facebookapi - page] 1541186890186802
page: 1
So SP: 15
So SP: 24
[facebookapi - page] 1541186890186802
[facebookapi - page] 1541186890186802
[facebookapi - page] 1541186890186802
So SP: 21
[facebookapi - page] 1541186890186802
So SP: 24
So SP: 24
So SP: 8
So SP: 9
So SP: 21
[facebookapi - page] 1541186890186802
So SP: 24
[facebookapi - page] 1541186890186802
So SP: 24
So SP: 18
So SP: 22
So SP: 13
So SP: 12
So SP: 24
[facebookapi - page] 1541186890186802
[facebookapi - page] 1541186890186802
So SP: 24
So SP: 24
So SP: 24
page: 1
So SP: 24
So SP: 24
[facebookapi - page] 1541186890186802
So SP: 2
So SP: 4
So SP: 14
So SP: 24
page: 1
[facebookapi - page] 1541186890186802
So SP: 24
So SP: 4
So SP: 1
So SP: 24
So SP: 24
So SP: 23
[facebookapi - page] 1541186890186802
[facebookapi - page] 1541186890186802
So SP: 21
So SP: 14
So SP: 9
So SP: 7
[facebookapi - page] 1541186890186802
So SP: 18
So SP: 4
[facebookapi - page] 1541186890186802
So SP: 9
So SP: 24
So SP: 2
So SP: 15
So SP: 3
So SP: 24
So SP: 12
So SP: 8
So SP: 2
So SP: 5
So SP: 1
So SP: 1
So SP: 24
So SP: 2
So SP: 9
So SP: 24
So SP: 15
So SP: 24
So SP: 15
So SP: 24
So SP: 15
So SP: 24
page: 1
page: 1
page: 1
[facebookapi - page] 1541186890186802
So SP: 24
So SP: 24
So SP: 12
So SP: 24
[facebookapi - page] 1541186890186802
So SP: 14
[facebookapi - page] 1541186890186802
So SP: 24
[facebookapi - page] 1541186890186802
[facebookapi - page] 1541186890186802
[facebookapi - page] 1541186890186802
So SP: 1
So SP: 5
So SP: 7
[facebookapi - page] 1541186890186802
So SP: 11
module_data: page
Đã vào page $generate_page[facebookapi - page] 1541186890186802
[facebookapi - page] 1541186890186802
So SP: 24
So SP: 10
So SP: 7
So SP: 4
So SP: 3
page: 1
So SP: 24
So SP: 24
So SP: 24
So SP: 4
So SP: 23
So SP: 14
module_data: dich_vu
Đã vào page $generate_pagemodule_data: dich_vu
Đã vào page $generate_pageSo SP: 24
So SP: 14
So SP: 8
So SP: 9
So SP: 6
So SP: 4
So SP: 15
page: 1
So SP: 24
[facebookapi - page] 1541186890186802
So SP: 24
[facebookapi - page] 1541186890186802
[facebookapi - page] 1541186890186802
So SP: 8
So SP: 9
So SP: 12
[facebookapi - page] 1541186890186802
So SP: 24
[facebookapi - page] 1541186890186802
[facebookapi - page] 1541186890186802
So SP: 2
[facebookapi - page] 1541186890186802
So SP: 21
page: 1
So SP: 24
So SP: 24
[facebookapi - page] 1541186890186802
So SP: 24
[facebookapi - page] 1541186890186802
[facebookapi - page] 1541186890186802
[facebookapi - page] 1541186890186802
[facebookapi - page] 1541186890186802
[facebookapi - page] 1541186890186802
[facebookapi - page] 1541186890186802
So SP: 24
So SP: 24
So SP: 3
[facebookapi - page] 1541186890186802
