[28-Sep-2025 08:46:08 Europe/Berlin] === mainfile if file constants, config ===
[28-Sep-2025 08:46:08 Europe/Berlin] C:/xampp/htdocs/dungcuyte 1111 config.php
[28-Sep-2025 08:46:08 Europe/Berlin] === mainfile if file constants, config ===
[28-Sep-2025 08:46:08 Europe/Berlin] === mainfile require realpath constants, config ===
[28-Sep-2025 08:46:08 Europe/Berlin] C:/xampp/htdocs/dungcuyte 1111 config.php
[28-Sep-2025 08:46:08 Europe/Berlin] === mainfile before config_global ===
[28-Sep-2025 08:46:08 Europe/Berlin] === mainfile require realpath constants, config ===
[28-Sep-2025 08:46:08 Europe/Berlin] === mainfile before config_global ===
[28-Sep-2025 08:46:08 Europe/Berlin] === DEBUG IP: '127.0.0.1'
[28-Sep-2025 08:46:08 Europe/Berlin] === DEBUG IP: '127.0.0.1'
[28-Sep-2025 13:46:08 Asia/Saigon] === mainfile Vào Admin access ===
[28-Sep-2025 13:46:08 Asia/Saigon] === mainfile Vào is admin ===
[28-Sep-2025 13:46:08 Asia/Saigon] ===  admin nv_admin_checkdata ===
[28-Sep-2025 13:46:08 Asia/Saigon] === mainfile hoàn thành is admin ===
[28-Sep-2025 13:46:08 Asia/Saigon] === mainfile Vào Admin access ===
[28-Sep-2025 13:46:08 Asia/Saigon] === mainfile Vào is admin ===
[28-Sep-2025 13:46:08 Asia/Saigon] ===  admin nv_admin_checkdata ===
[28-Sep-2025 13:46:08 Asia/Saigon] === mainfile hoàn thành is admin ===
[28-Sep-2025 13:46:08 Asia/Saigon] === defined NV_ROOTDIR ===
[28-Sep-2025 13:46:08 Asia/Saigon] === theme.php main shop loaded OK ===
[28-Sep-2025 08:46:08 Europe/Berlin] === mainfile if file constants, config ===
[28-Sep-2025 08:46:08 Europe/Berlin] C:/xampp/htdocs/dungcuyte 1111 config.php
[28-Sep-2025 08:46:08 Europe/Berlin] === mainfile require realpath constants, config ===
[28-Sep-2025 08:46:08 Europe/Berlin] === mainfile before config_global ===
[28-Sep-2025 08:46:08 Europe/Berlin] === DEBUG IP: '127.0.0.1'
[28-Sep-2025 13:46:08 Asia/Saigon] === mainfile Vào Admin access ===
[28-Sep-2025 13:46:08 Asia/Saigon] === mainfile Vào is admin ===
[28-Sep-2025 13:46:08 Asia/Saigon] ===  admin nv_admin_checkdata ===
[28-Sep-2025 13:46:08 Asia/Saigon] === mainfile hoàn thành is admin ===
[28-Sep-2025 13:46:09 Asia/Saigon] ===main shops finish loaded OK ===
[28-Sep-2025 08:46:09 Europe/Berlin] === mainfile if file constants, config ===
[28-Sep-2025 08:46:09 Europe/Berlin] C:/xampp/htdocs/dungcuyte 1111 config.php
[28-Sep-2025 08:46:09 Europe/Berlin] === mainfile require realpath constants, config ===
[28-Sep-2025 08:46:09 Europe/Berlin] === mainfile before config_global ===
[28-Sep-2025 08:46:09 Europe/Berlin] === DEBUG IP: '127.0.0.1'
[28-Sep-2025 08:46:09 Europe/Berlin] === mainfile if file constants, config ===
[28-Sep-2025 08:46:09 Europe/Berlin] C:/xampp/htdocs/dungcuyte 1111 config.php
[28-Sep-2025 08:46:09 Europe/Berlin] === mainfile require realpath constants, config ===
[28-Sep-2025 08:46:09 Europe/Berlin] === mainfile before config_global ===
[28-Sep-2025 08:46:09 Europe/Berlin] === DEBUG IP: '127.0.0.1'
[28-Sep-2025 13:46:09 Asia/Saigon] === mainfile Vào Admin access ===
[28-Sep-2025 13:46:09 Asia/Saigon] === mainfile Vào is admin ===
[28-Sep-2025 13:46:09 Asia/Saigon] ===  admin nv_admin_checkdata ===
[28-Sep-2025 13:46:09 Asia/Saigon] === mainfile hoàn thành is admin ===
[28-Sep-2025 13:46:09 Asia/Saigon] === defined NV_ROOTDIR ===
[28-Sep-2025 13:46:09 Asia/Saigon] === theme.php main shop loaded OK ===
[28-Sep-2025 08:46:09 Europe/Berlin] === mainfile if file constants, config ===
[28-Sep-2025 08:46:09 Europe/Berlin] C:/xampp/htdocs/dungcuyte 1111 config.php
[28-Sep-2025 08:46:09 Europe/Berlin] === mainfile require realpath constants, config ===
[28-Sep-2025 08:46:09 Europe/Berlin] === mainfile before config_global ===
[28-Sep-2025 08:46:09 Europe/Berlin] === DEBUG IP: '127.0.0.1'
[28-Sep-2025 08:46:09 Europe/Berlin] === mainfile if file constants, config ===
[28-Sep-2025 08:46:09 Europe/Berlin] C:/xampp/htdocs/dungcuyte 1111 config.php
[28-Sep-2025 08:46:09 Europe/Berlin] === mainfile require realpath constants, config ===
[28-Sep-2025 08:46:09 Europe/Berlin] === mainfile before config_global ===
[28-Sep-2025 13:46:09 Asia/Saigon] === mainfile Vào Admin access ===
[28-Sep-2025 13:46:09 Asia/Saigon] === mainfile Vào is admin ===
[28-Sep-2025 13:46:09 Asia/Saigon] ===  admin nv_admin_checkdata ===
[28-Sep-2025 08:46:09 Europe/Berlin] === DEBUG IP: '127.0.0.1'
[28-Sep-2025 13:46:09 Asia/Saigon] === mainfile hoàn thành is admin ===
[28-Sep-2025 13:46:09 Asia/Saigon] === mainfile Vào Admin access ===
[28-Sep-2025 13:46:09 Asia/Saigon] === mainfile Vào is admin ===
[28-Sep-2025 13:46:09 Asia/Saigon] ===  admin nv_admin_checkdata ===
[28-Sep-2025 13:46:09 Asia/Saigon] === mainfile hoàn thành is admin ===
[28-Sep-2025 13:46:09 Asia/Saigon] === defined NV_ROOTDIR ===
[28-Sep-2025 13:46:09 Asia/Saigon] === theme.php main shop loaded OK ===
[28-Sep-2025 08:46:10 Europe/Berlin] === mainfile if file constants, config ===
[28-Sep-2025 08:46:10 Europe/Berlin] C:/xampp/htdocs/dungcuyte 1111 config.php
[28-Sep-2025 08:46:10 Europe/Berlin] === mainfile require realpath constants, config ===
[28-Sep-2025 08:46:10 Europe/Berlin] === mainfile before config_global ===
[28-Sep-2025 08:46:10 Europe/Berlin] === DEBUG IP: '127.0.0.1'
[28-Sep-2025 13:46:11 Asia/Saigon] === mainfile Vào Admin access ===
[28-Sep-2025 13:46:11 Asia/Saigon] === mainfile Vào is admin ===
[28-Sep-2025 13:46:11 Asia/Saigon] ===  admin nv_admin_checkdata ===
[28-Sep-2025 13:46:11 Asia/Saigon] === mainfile hoàn thành is admin ===
[28-Sep-2025 08:46:12 Europe/Berlin] === mainfile if file constants, config ===
[28-Sep-2025 08:46:12 Europe/Berlin] C:/xampp/htdocs/dungcuyte 1111 config.php
[28-Sep-2025 08:46:12 Europe/Berlin] === mainfile require realpath constants, config ===
[28-Sep-2025 08:46:12 Europe/Berlin] === mainfile before config_global ===
[28-Sep-2025 08:46:12 Europe/Berlin] === DEBUG IP: '127.0.0.1'
[28-Sep-2025 13:46:12 Asia/Saigon] === mainfile Vào Admin access ===
[28-Sep-2025 13:46:12 Asia/Saigon] === mainfile Vào is admin ===
[28-Sep-2025 13:46:12 Asia/Saigon] ===  admin nv_admin_checkdata ===
[28-Sep-2025 13:46:12 Asia/Saigon] === mainfile hoàn thành is admin ===
[28-Sep-2025 13:46:12 Asia/Saigon] ===main shops finish loaded OK ===
[28-Sep-2025 08:46:13 Europe/Berlin] === mainfile if file constants, config ===
[28-Sep-2025 08:46:13 Europe/Berlin] C:/xampp/htdocs/dungcuyte 1111 config.php
[28-Sep-2025 08:46:13 Europe/Berlin] === mainfile require realpath constants, config ===
[28-Sep-2025 08:46:13 Europe/Berlin] === mainfile before config_global ===
[28-Sep-2025 08:46:13 Europe/Berlin] === DEBUG IP: '127.0.0.1'
[28-Sep-2025 13:46:13 Asia/Saigon] === mainfile Vào Admin access ===
[28-Sep-2025 13:46:13 Asia/Saigon] === mainfile Vào is admin ===
[28-Sep-2025 13:46:13 Asia/Saigon] ===  admin nv_admin_checkdata ===
[28-Sep-2025 13:46:13 Asia/Saigon] === mainfile hoàn thành is admin ===
[28-Sep-2025 13:46:13 Asia/Saigon] === defined NV_ROOTDIR ===
[28-Sep-2025 13:46:13 Asia/Saigon] === theme.php main shop loaded OK ===
[28-Sep-2025 08:46:13 Europe/Berlin] === mainfile if file constants, config ===
[28-Sep-2025 08:46:13 Europe/Berlin] C:/xampp/htdocs/dungcuyte 1111 config.php
[28-Sep-2025 08:46:13 Europe/Berlin] === mainfile require realpath constants, config ===
[28-Sep-2025 08:46:13 Europe/Berlin] === mainfile before config_global ===
[28-Sep-2025 08:46:13 Europe/Berlin] === DEBUG IP: '127.0.0.1'
[28-Sep-2025 13:46:13 Asia/Saigon] === mainfile Vào Admin access ===
[28-Sep-2025 08:46:13 Europe/Berlin] === mainfile if file constants, config ===
[28-Sep-2025 08:46:13 Europe/Berlin] C:/xampp/htdocs/dungcuyte 1111 config.php
[28-Sep-2025 13:46:13 Asia/Saigon] === mainfile Vào is admin ===
[28-Sep-2025 08:46:13 Europe/Berlin] === mainfile require realpath constants, config ===
[28-Sep-2025 13:46:13 Asia/Saigon] ===  admin nv_admin_checkdata ===
[28-Sep-2025 08:46:13 Europe/Berlin] === mainfile before config_global ===
[28-Sep-2025 13:46:13 Asia/Saigon] === mainfile hoàn thành is admin ===
[28-Sep-2025 08:46:13 Europe/Berlin] === DEBUG IP: '127.0.0.1'
[28-Sep-2025 13:46:13 Asia/Saigon] === mainfile Vào Admin access ===
[28-Sep-2025 13:46:13 Asia/Saigon] === mainfile Vào is admin ===
[28-Sep-2025 13:46:13 Asia/Saigon] ===  admin nv_admin_checkdata ===
[28-Sep-2025 13:46:13 Asia/Saigon] === mainfile hoàn thành is admin ===
[28-Sep-2025 13:46:13 Asia/Saigon] === defined NV_ROOTDIR ===
[28-Sep-2025 13:46:13 Asia/Saigon] === theme.php main shop loaded OK ===
[28-Sep-2025 08:46:24 Europe/Berlin] === mainfile if file constants, config ===
[28-Sep-2025 08:46:24 Europe/Berlin] C:/xampp/htdocs/dungcuyte 1111 config.php
[28-Sep-2025 08:46:24 Europe/Berlin] === mainfile require realpath constants, config ===
[28-Sep-2025 08:46:24 Europe/Berlin] === mainfile before config_global ===
[28-Sep-2025 08:46:24 Europe/Berlin] === DEBUG IP: '127.0.0.1'
[28-Sep-2025 13:46:24 Asia/Saigon] === mainfile Vào Admin access ===
[28-Sep-2025 13:46:24 Asia/Saigon] === mainfile Vào is admin ===
[28-Sep-2025 13:46:24 Asia/Saigon] ===  admin nv_admin_checkdata ===
[28-Sep-2025 13:46:24 Asia/Saigon] === mainfile hoàn thành is admin ===
[28-Sep-2025 08:46:35 Europe/Berlin] === mainfile if file constants, config ===
[28-Sep-2025 08:46:35 Europe/Berlin] C:/xampp/htdocs/dungcuyte 1111 config.php
[28-Sep-2025 08:46:35 Europe/Berlin] === mainfile require realpath constants, config ===
[28-Sep-2025 08:46:35 Europe/Berlin] === mainfile before config_global ===
[28-Sep-2025 08:46:35 Europe/Berlin] === DEBUG IP: '127.0.0.1'
[28-Sep-2025 13:46:35 Asia/Saigon] === mainfile Vào Admin access ===
[28-Sep-2025 13:46:35 Asia/Saigon] === mainfile Vào is admin ===
[28-Sep-2025 13:46:35 Asia/Saigon] ===  admin nv_admin_checkdata ===
[28-Sep-2025 13:46:35 Asia/Saigon] === mainfile hoàn thành is admin ===
[28-Sep-2025 08:46:46 Europe/Berlin] === mainfile if file constants, config ===
[28-Sep-2025 08:46:46 Europe/Berlin] C:/xampp/htdocs/dungcuyte 1111 config.php
[28-Sep-2025 08:46:46 Europe/Berlin] === mainfile require realpath constants, config ===
[28-Sep-2025 08:46:46 Europe/Berlin] === mainfile before config_global ===
[28-Sep-2025 08:46:46 Europe/Berlin] === DEBUG IP: '127.0.0.1'
[28-Sep-2025 13:46:46 Asia/Saigon] === mainfile Vào Admin access ===
[28-Sep-2025 13:46:46 Asia/Saigon] === mainfile Vào is admin ===
[28-Sep-2025 13:46:46 Asia/Saigon] ===  admin nv_admin_checkdata ===
[28-Sep-2025 13:46:46 Asia/Saigon] === mainfile hoàn thành is admin ===
[28-Sep-2025 08:46:57 Europe/Berlin] === mainfile if file constants, config ===
[28-Sep-2025 08:46:57 Europe/Berlin] C:/xampp/htdocs/dungcuyte 1111 config.php
[28-Sep-2025 08:46:57 Europe/Berlin] === mainfile require realpath constants, config ===
[28-Sep-2025 08:46:57 Europe/Berlin] === mainfile before config_global ===
[28-Sep-2025 08:46:57 Europe/Berlin] === DEBUG IP: '127.0.0.1'
[28-Sep-2025 13:46:57 Asia/Saigon] === mainfile Vào Admin access ===
[28-Sep-2025 13:46:57 Asia/Saigon] === mainfile Vào is admin ===
[28-Sep-2025 13:46:57 Asia/Saigon] ===  admin nv_admin_checkdata ===
[28-Sep-2025 13:46:57 Asia/Saigon] === mainfile hoàn thành is admin ===
[28-Sep-2025 08:47:08 Europe/Berlin] === mainfile if file constants, config ===
[28-Sep-2025 08:47:08 Europe/Berlin] C:/xampp/htdocs/dungcuyte 1111 config.php
[28-Sep-2025 08:47:08 Europe/Berlin] === mainfile require realpath constants, config ===
[28-Sep-2025 08:47:08 Europe/Berlin] === mainfile before config_global ===
[28-Sep-2025 08:47:08 Europe/Berlin] === DEBUG IP: '127.0.0.1'
[28-Sep-2025 13:47:08 Asia/Saigon] === mainfile Vào Admin access ===
[28-Sep-2025 13:47:08 Asia/Saigon] === mainfile Vào is admin ===
[28-Sep-2025 13:47:08 Asia/Saigon] ===  admin nv_admin_checkdata ===
[28-Sep-2025 13:47:08 Asia/Saigon] === mainfile hoàn thành is admin ===
[28-Sep-2025 08:47:19 Europe/Berlin] === mainfile if file constants, config ===
[28-Sep-2025 08:47:19 Europe/Berlin] C:/xampp/htdocs/dungcuyte 1111 config.php
[28-Sep-2025 08:47:19 Europe/Berlin] === mainfile require realpath constants, config ===
[28-Sep-2025 08:47:19 Europe/Berlin] === mainfile before config_global ===
[28-Sep-2025 08:47:19 Europe/Berlin] === DEBUG IP: '127.0.0.1'
[28-Sep-2025 13:47:19 Asia/Saigon] === mainfile Vào Admin access ===
[28-Sep-2025 13:47:19 Asia/Saigon] === mainfile Vào is admin ===
[28-Sep-2025 13:47:19 Asia/Saigon] ===  admin nv_admin_checkdata ===
[28-Sep-2025 13:47:19 Asia/Saigon] === mainfile hoàn thành is admin ===
[28-Sep-2025 08:47:30 Europe/Berlin] === mainfile if file constants, config ===
[28-Sep-2025 08:47:30 Europe/Berlin] C:/xampp/htdocs/dungcuyte 1111 config.php
[28-Sep-2025 08:47:30 Europe/Berlin] === mainfile require realpath constants, config ===
[28-Sep-2025 08:47:30 Europe/Berlin] === mainfile before config_global ===
[28-Sep-2025 08:47:30 Europe/Berlin] === DEBUG IP: '127.0.0.1'
[28-Sep-2025 13:47:30 Asia/Saigon] === mainfile Vào Admin access ===
[28-Sep-2025 13:47:30 Asia/Saigon] === mainfile Vào is admin ===
[28-Sep-2025 13:47:30 Asia/Saigon] ===  admin nv_admin_checkdata ===
[28-Sep-2025 13:47:30 Asia/Saigon] === mainfile hoàn thành is admin ===
[28-Sep-2025 08:47:41 Europe/Berlin] === mainfile if file constants, config ===
[28-Sep-2025 08:47:41 Europe/Berlin] C:/xampp/htdocs/dungcuyte 1111 config.php
[28-Sep-2025 08:47:41 Europe/Berlin] === mainfile require realpath constants, config ===
[28-Sep-2025 08:47:41 Europe/Berlin] === mainfile before config_global ===
[28-Sep-2025 08:47:41 Europe/Berlin] === DEBUG IP: '127.0.0.1'
[28-Sep-2025 13:47:41 Asia/Saigon] === mainfile Vào Admin access ===
[28-Sep-2025 13:47:41 Asia/Saigon] === mainfile Vào is admin ===
[28-Sep-2025 13:47:41 Asia/Saigon] ===  admin nv_admin_checkdata ===
[28-Sep-2025 13:47:41 Asia/Saigon] === mainfile hoàn thành is admin ===
[28-Sep-2025 08:47:52 Europe/Berlin] === mainfile if file constants, config ===
[28-Sep-2025 08:47:52 Europe/Berlin] C:/xampp/htdocs/dungcuyte 1111 config.php
[28-Sep-2025 08:47:52 Europe/Berlin] === mainfile require realpath constants, config ===
[28-Sep-2025 08:47:52 Europe/Berlin] === mainfile before config_global ===
[28-Sep-2025 08:47:52 Europe/Berlin] === DEBUG IP: '127.0.0.1'
[28-Sep-2025 13:47:52 Asia/Saigon] === mainfile Vào Admin access ===
[28-Sep-2025 13:47:52 Asia/Saigon] === mainfile Vào is admin ===
[28-Sep-2025 13:47:52 Asia/Saigon] ===  admin nv_admin_checkdata ===
[28-Sep-2025 13:47:52 Asia/Saigon] === mainfile hoàn thành is admin ===
[28-Sep-2025 08:48:03 Europe/Berlin] === mainfile if file constants, config ===
[28-Sep-2025 08:48:03 Europe/Berlin] C:/xampp/htdocs/dungcuyte 1111 config.php
[28-Sep-2025 08:48:03 Europe/Berlin] === mainfile require realpath constants, config ===
[28-Sep-2025 08:48:03 Europe/Berlin] === mainfile before config_global ===
[28-Sep-2025 08:48:03 Europe/Berlin] === DEBUG IP: '127.0.0.1'
[28-Sep-2025 13:48:03 Asia/Saigon] === mainfile Vào Admin access ===
[28-Sep-2025 13:48:03 Asia/Saigon] === mainfile Vào is admin ===
[28-Sep-2025 13:48:03 Asia/Saigon] ===  admin nv_admin_checkdata ===
[28-Sep-2025 13:48:03 Asia/Saigon] === mainfile hoàn thành is admin ===
[28-Sep-2025 08:48:13 Europe/Berlin] === mainfile if file constants, config ===
[28-Sep-2025 08:48:13 Europe/Berlin] C:/xampp/htdocs/dungcuyte 1111 config.php
[28-Sep-2025 08:48:13 Europe/Berlin] === mainfile require realpath constants, config ===
[28-Sep-2025 08:48:13 Europe/Berlin] === mainfile before config_global ===
[28-Sep-2025 08:48:13 Europe/Berlin] === DEBUG IP: '127.0.0.1'
[28-Sep-2025 13:48:13 Asia/Saigon] === mainfile Vào Admin access ===
[28-Sep-2025 13:48:13 Asia/Saigon] === mainfile Vào is admin ===
[28-Sep-2025 13:48:13 Asia/Saigon] ===  admin nv_admin_checkdata ===
[28-Sep-2025 13:48:13 Asia/Saigon] === mainfile hoàn thành is admin ===
[28-Sep-2025 08:48:14 Europe/Berlin] === mainfile if file constants, config ===
[28-Sep-2025 08:48:14 Europe/Berlin] C:/xampp/htdocs/dungcuyte 1111 config.php
[28-Sep-2025 08:48:14 Europe/Berlin] === mainfile require realpath constants, config ===
[28-Sep-2025 08:48:14 Europe/Berlin] === mainfile before config_global ===
[28-Sep-2025 08:48:14 Europe/Berlin] === DEBUG IP: '127.0.0.1'
[28-Sep-2025 13:48:14 Asia/Saigon] === mainfile Vào Admin access ===
[28-Sep-2025 13:48:14 Asia/Saigon] === mainfile Vào is admin ===
[28-Sep-2025 13:48:14 Asia/Saigon] ===  admin nv_admin_checkdata ===
[28-Sep-2025 13:48:14 Asia/Saigon] === mainfile hoàn thành is admin ===
[28-Sep-2025 13:48:15 Asia/Saigon] === START content page shops ===
[28-Sep-2025 13:48:15 Asia/Saigon] === START content page shops sql ===SELECT bid, adddefault, vi_title FROM nv4nu_shops_block_cat ORDER BY weight ASC
[28-Sep-2025 13:48:15 Asia/Saigon] === START content page shops result ===
[28-Sep-2025 13:48:15 Asia/Saigon] === START content page shops rowcontent ===
[28-Sep-2025 13:48:15 Asia/Saigon] === START pass content page shops rowcontent[id] ===
[28-Sep-2025 13:48:15 Asia/Saigon] === START content page shops finished ===
[28-Sep-2025 08:48:15 Europe/Berlin] === mainfile if file constants, config ===
[28-Sep-2025 08:48:15 Europe/Berlin] C:/xampp/htdocs/dungcuyte 1111 config.php
[28-Sep-2025 08:48:15 Europe/Berlin] === mainfile require realpath constants, config ===
[28-Sep-2025 08:48:15 Europe/Berlin] === mainfile before config_global ===
[28-Sep-2025 08:48:15 Europe/Berlin] === DEBUG IP: '127.0.0.1'
[28-Sep-2025 13:48:15 Asia/Saigon] === mainfile Vào Admin access ===
[28-Sep-2025 13:48:15 Asia/Saigon] === mainfile Vào is admin ===
[28-Sep-2025 13:48:15 Asia/Saigon] ===  admin nv_admin_checkdata ===
[28-Sep-2025 13:48:15 Asia/Saigon] === mainfile hoàn thành is admin ===
[28-Sep-2025 13:48:15 Asia/Saigon] === defined NV_ROOTDIR ===
[28-Sep-2025 13:48:15 Asia/Saigon] === theme.php main shop loaded OK ===
[28-Sep-2025 08:48:15 Europe/Berlin] === mainfile if file constants, config ===
[28-Sep-2025 08:48:15 Europe/Berlin] C:/xampp/htdocs/dungcuyte 1111 config.php
[28-Sep-2025 08:48:15 Europe/Berlin] === mainfile require realpath constants, config ===
[28-Sep-2025 08:48:15 Europe/Berlin] === mainfile before config_global ===
[28-Sep-2025 08:48:15 Europe/Berlin] === DEBUG IP: '127.0.0.1'
[28-Sep-2025 08:48:15 Europe/Berlin] === mainfile if file constants, config ===
[28-Sep-2025 08:48:15 Europe/Berlin] C:/xampp/htdocs/dungcuyte 1111 config.php
[28-Sep-2025 08:48:15 Europe/Berlin] === mainfile require realpath constants, config ===
[28-Sep-2025 08:48:15 Europe/Berlin] === mainfile before config_global ===
[28-Sep-2025 08:48:15 Europe/Berlin] === DEBUG IP: '127.0.0.1'
[28-Sep-2025 08:48:15 Europe/Berlin] === mainfile if file constants, config ===
[28-Sep-2025 08:48:15 Europe/Berlin] C:/xampp/htdocs/dungcuyte 1111 config.php
[28-Sep-2025 13:48:15 Asia/Saigon] === mainfile Vào Admin access ===
[28-Sep-2025 08:48:15 Europe/Berlin] === mainfile require realpath constants, config ===
[28-Sep-2025 13:48:15 Asia/Saigon] === mainfile Vào is admin ===
[28-Sep-2025 08:48:15 Europe/Berlin] === mainfile before config_global ===
[28-Sep-2025 13:48:15 Asia/Saigon] ===  admin nv_admin_checkdata ===
[28-Sep-2025 13:48:15 Asia/Saigon] === mainfile hoàn thành is admin ===
[28-Sep-2025 08:48:15 Europe/Berlin] === DEBUG IP: '127.0.0.1'
[28-Sep-2025 13:48:15 Asia/Saigon] === START getgroup.php ===
[28-Sep-2025 13:48:15 Asia/Saigon] === mainfile Vào Admin access ===
[28-Sep-2025 13:48:15 Asia/Saigon] === mainfile Vào is admin ===
[28-Sep-2025 13:48:15 Asia/Saigon] ===  admin nv_admin_checkdata ===
[28-Sep-2025 13:48:15 Asia/Saigon] === mainfile hoàn thành is admin ===
[28-Sep-2025 13:48:15 Asia/Saigon] === mainfile Vào Admin access ===
[28-Sep-2025 13:48:15 Asia/Saigon] === mainfile Vào is admin ===
[28-Sep-2025 13:48:15 Asia/Saigon] ===  admin nv_admin_checkdata ===
[28-Sep-2025 13:48:15 Asia/Saigon] === mainfile hoàn thành is admin ===
[28-Sep-2025 13:48:15 Asia/Saigon] === defined NV_ROOTDIR ===
[28-Sep-2025 13:48:15 Asia/Saigon] === theme.php main shop loaded OK ===
[28-Sep-2025 08:48:18 Europe/Berlin] === mainfile if file constants, config ===
[28-Sep-2025 08:48:18 Europe/Berlin] C:/xampp/htdocs/dungcuyte 1111 config.php
[28-Sep-2025 08:48:18 Europe/Berlin] === mainfile require realpath constants, config ===
[28-Sep-2025 08:48:18 Europe/Berlin] === mainfile before config_global ===
[28-Sep-2025 08:48:18 Europe/Berlin] === DEBUG IP: '127.0.0.1'
[28-Sep-2025 13:48:18 Asia/Saigon] === mainfile Vào Admin access ===
[28-Sep-2025 13:48:18 Asia/Saigon] === mainfile Vào is admin ===
[28-Sep-2025 13:48:18 Asia/Saigon] ===  admin nv_admin_checkdata ===
[28-Sep-2025 13:48:18 Asia/Saigon] === mainfile hoàn thành is admin ===
[28-Sep-2025 08:48:19 Europe/Berlin] === mainfile if file constants, config ===
[28-Sep-2025 08:48:19 Europe/Berlin] C:/xampp/htdocs/dungcuyte 1111 config.php
[28-Sep-2025 08:48:19 Europe/Berlin] === mainfile if file constants, config ===
[28-Sep-2025 08:48:19 Europe/Berlin] === mainfile if file constants, config ===
[28-Sep-2025 08:48:19 Europe/Berlin] === mainfile require realpath constants, config ===
[28-Sep-2025 08:48:19 Europe/Berlin] C:/xampp/htdocs/dungcuyte 1111 config.php
[28-Sep-2025 08:48:19 Europe/Berlin] === mainfile before config_global ===
[28-Sep-2025 08:48:19 Europe/Berlin] === mainfile require realpath constants, config ===
[28-Sep-2025 08:48:19 Europe/Berlin] === mainfile before config_global ===
[28-Sep-2025 08:48:19 Europe/Berlin] C:/xampp/htdocs/dungcuyte 1111 config.php
[28-Sep-2025 08:48:19 Europe/Berlin] === DEBUG IP: '127.0.0.1'
[28-Sep-2025 08:48:19 Europe/Berlin] === DEBUG IP: '127.0.0.1'
[28-Sep-2025 08:48:19 Europe/Berlin] === mainfile require realpath constants, config ===
[28-Sep-2025 08:48:19 Europe/Berlin] === mainfile before config_global ===
[28-Sep-2025 08:48:19 Europe/Berlin] === DEBUG IP: '127.0.0.1'
[28-Sep-2025 13:48:19 Asia/Saigon] === mainfile Vào Admin access ===
[28-Sep-2025 13:48:19 Asia/Saigon] === mainfile Vào is admin ===
[28-Sep-2025 13:48:19 Asia/Saigon] ===  admin nv_admin_checkdata ===
[28-Sep-2025 13:48:19 Asia/Saigon] === mainfile hoàn thành is admin ===
[28-Sep-2025 13:48:19 Asia/Saigon] === mainfile Vào Admin access ===
[28-Sep-2025 13:48:19 Asia/Saigon] === mainfile Vào is admin ===
[28-Sep-2025 13:48:19 Asia/Saigon] ===  admin nv_admin_checkdata ===
[28-Sep-2025 13:48:19 Asia/Saigon] === mainfile hoàn thành is admin ===
[28-Sep-2025 13:48:19 Asia/Saigon] === mainfile Vào Admin access ===
[28-Sep-2025 13:48:19 Asia/Saigon] === mainfile Vào is admin ===
[28-Sep-2025 13:48:19 Asia/Saigon] ===  admin nv_admin_checkdata ===
[28-Sep-2025 13:48:19 Asia/Saigon] === mainfile hoàn thành is admin ===
[28-Sep-2025 13:48:19 Asia/Saigon] === START getgroup.php ===
[28-Sep-2025 08:48:25 Europe/Berlin] === mainfile if file constants, config ===
[28-Sep-2025 08:48:25 Europe/Berlin] C:/xampp/htdocs/dungcuyte 1111 config.php
[28-Sep-2025 08:48:25 Europe/Berlin] === mainfile require realpath constants, config ===
[28-Sep-2025 08:48:25 Europe/Berlin] === mainfile before config_global ===
[28-Sep-2025 08:48:25 Europe/Berlin] === DEBUG IP: '127.0.0.1'
[28-Sep-2025 13:48:25 Asia/Saigon] === mainfile Vào Admin access ===
[28-Sep-2025 13:48:25 Asia/Saigon] === mainfile Vào is admin ===
[28-Sep-2025 13:48:25 Asia/Saigon] ===  admin nv_admin_checkdata ===
[28-Sep-2025 13:48:25 Asia/Saigon] === mainfile hoàn thành is admin ===
[28-Sep-2025 08:48:30 Europe/Berlin] === mainfile if file constants, config ===
[28-Sep-2025 08:48:30 Europe/Berlin] C:/xampp/htdocs/dungcuyte 1111 config.php
[28-Sep-2025 08:48:30 Europe/Berlin] === mainfile if file constants, config ===
[28-Sep-2025 08:48:30 Europe/Berlin] === mainfile require realpath constants, config ===
[28-Sep-2025 08:48:30 Europe/Berlin] C:/xampp/htdocs/dungcuyte 1111 config.php
[28-Sep-2025 08:48:30 Europe/Berlin] === mainfile before config_global ===
[28-Sep-2025 08:48:30 Europe/Berlin] === mainfile require realpath constants, config ===
[28-Sep-2025 08:48:30 Europe/Berlin] === mainfile before config_global ===
[28-Sep-2025 08:48:30 Europe/Berlin] === DEBUG IP: '127.0.0.1'
[28-Sep-2025 08:48:30 Europe/Berlin] === DEBUG IP: '127.0.0.1'
[28-Sep-2025 13:48:30 Asia/Saigon] === mainfile Vào Admin access ===
[28-Sep-2025 13:48:30 Asia/Saigon] === mainfile Vào is admin ===
[28-Sep-2025 13:48:30 Asia/Saigon] ===  admin nv_admin_checkdata ===
[28-Sep-2025 13:48:30 Asia/Saigon] === mainfile hoàn thành is admin ===
[28-Sep-2025 08:48:30 Europe/Berlin] === mainfile if file constants, config ===
[28-Sep-2025 08:48:30 Europe/Berlin] C:/xampp/htdocs/dungcuyte 1111 config.php
[28-Sep-2025 13:48:30 Asia/Saigon] === defined NV_ROOTDIR ===
[28-Sep-2025 08:48:30 Europe/Berlin] === mainfile require realpath constants, config ===
[28-Sep-2025 08:48:30 Europe/Berlin] === mainfile before config_global ===
[28-Sep-2025 08:48:30 Europe/Berlin] === DEBUG IP: '127.0.0.1'
[28-Sep-2025 13:48:30 Asia/Saigon] === theme.php main shop loaded OK ===
[28-Sep-2025 13:48:30 Asia/Saigon] === mainfile Vào Admin access ===
[28-Sep-2025 13:48:30 Asia/Saigon] === mainfile Vào is admin ===
[28-Sep-2025 13:48:30 Asia/Saigon] ===  admin nv_admin_checkdata ===
[28-Sep-2025 13:48:30 Asia/Saigon] === mainfile hoàn thành is admin ===
[28-Sep-2025 13:48:30 Asia/Saigon] === defined NV_ROOTDIR ===
[28-Sep-2025 13:48:30 Asia/Saigon] === theme.php main shop loaded OK ===
[28-Sep-2025 13:48:30 Asia/Saigon] === mainfile Vào Admin access ===
[28-Sep-2025 13:48:30 Asia/Saigon] === mainfile Vào is admin ===
[28-Sep-2025 13:48:30 Asia/Saigon] ===  admin nv_admin_checkdata ===
[28-Sep-2025 13:48:30 Asia/Saigon] === mainfile hoàn thành is admin ===
[28-Sep-2025 13:48:30 Asia/Saigon] === defined NV_ROOTDIR ===
[28-Sep-2025 13:48:30 Asia/Saigon] === theme.php main shop loaded OK ===
[28-Sep-2025 08:48:35 Europe/Berlin] === mainfile if file constants, config ===
[28-Sep-2025 08:48:35 Europe/Berlin] C:/xampp/htdocs/dungcuyte 1111 config.php
[28-Sep-2025 08:48:35 Europe/Berlin] === mainfile require realpath constants, config ===
[28-Sep-2025 08:48:35 Europe/Berlin] === mainfile before config_global ===
[28-Sep-2025 08:48:35 Europe/Berlin] === DEBUG IP: '127.0.0.1'
[28-Sep-2025 13:48:35 Asia/Saigon] === mainfile Vào Admin access ===
[28-Sep-2025 13:48:35 Asia/Saigon] === mainfile Vào is admin ===
[28-Sep-2025 13:48:35 Asia/Saigon] ===  admin nv_admin_checkdata ===
[28-Sep-2025 13:48:35 Asia/Saigon] === mainfile hoàn thành is admin ===
[28-Sep-2025 08:48:45 Europe/Berlin] === mainfile if file constants, config ===
[28-Sep-2025 08:48:45 Europe/Berlin] C:/xampp/htdocs/dungcuyte 1111 config.php
[28-Sep-2025 08:48:45 Europe/Berlin] === mainfile require realpath constants, config ===
[28-Sep-2025 08:48:45 Europe/Berlin] === mainfile before config_global ===
[28-Sep-2025 08:48:45 Europe/Berlin] === DEBUG IP: '127.0.0.1'
[28-Sep-2025 13:48:45 Asia/Saigon] === mainfile Vào Admin access ===
[28-Sep-2025 13:48:45 Asia/Saigon] === mainfile Vào is admin ===
[28-Sep-2025 13:48:45 Asia/Saigon] ===  admin nv_admin_checkdata ===
[28-Sep-2025 13:48:45 Asia/Saigon] === mainfile hoàn thành is admin ===
[28-Sep-2025 08:48:47 Europe/Berlin] === mainfile if file constants, config ===
[28-Sep-2025 08:48:47 Europe/Berlin] C:/xampp/htdocs/dungcuyte 1111 config.php
[28-Sep-2025 08:48:47 Europe/Berlin] === mainfile require realpath constants, config ===
[28-Sep-2025 08:48:47 Europe/Berlin] === mainfile before config_global ===
[28-Sep-2025 08:48:47 Europe/Berlin] === DEBUG IP: '127.0.0.1'
[28-Sep-2025 13:48:47 Asia/Saigon] === mainfile Vào Admin access ===
[28-Sep-2025 13:48:47 Asia/Saigon] === mainfile Vào is admin ===
[28-Sep-2025 13:48:47 Asia/Saigon] ===  admin nv_admin_checkdata ===
[28-Sep-2025 13:48:47 Asia/Saigon] === mainfile hoàn thành is admin ===
[28-Sep-2025 08:48:47 Europe/Berlin] === mainfile if file constants, config ===
[28-Sep-2025 08:48:47 Europe/Berlin] C:/xampp/htdocs/dungcuyte 1111 config.php
[28-Sep-2025 08:48:47 Europe/Berlin] === mainfile if file constants, config ===
[28-Sep-2025 08:48:47 Europe/Berlin] === mainfile require realpath constants, config ===
[28-Sep-2025 08:48:47 Europe/Berlin] C:/xampp/htdocs/dungcuyte 1111 config.php
[28-Sep-2025 08:48:47 Europe/Berlin] === mainfile before config_global ===
[28-Sep-2025 08:48:47 Europe/Berlin] === mainfile require realpath constants, config ===
[28-Sep-2025 08:48:47 Europe/Berlin] === mainfile before config_global ===
[28-Sep-2025 08:48:47 Europe/Berlin] === mainfile if file constants, config ===
[28-Sep-2025 08:48:47 Europe/Berlin] C:/xampp/htdocs/dungcuyte 1111 config.php
[28-Sep-2025 08:48:47 Europe/Berlin] === mainfile require realpath constants, config ===
[28-Sep-2025 08:48:47 Europe/Berlin] === DEBUG IP: '127.0.0.1'
[28-Sep-2025 08:48:47 Europe/Berlin] === DEBUG IP: '127.0.0.1'
[28-Sep-2025 08:48:47 Europe/Berlin] === mainfile before config_global ===
[28-Sep-2025 08:48:47 Europe/Berlin] === DEBUG IP: '127.0.0.1'
[28-Sep-2025 13:48:47 Asia/Saigon] === mainfile Vào Admin access ===
[28-Sep-2025 13:48:47 Asia/Saigon] === mainfile Vào is admin ===
[28-Sep-2025 13:48:47 Asia/Saigon] ===  admin nv_admin_checkdata ===
[28-Sep-2025 13:48:47 Asia/Saigon] === mainfile hoàn thành is admin ===
[28-Sep-2025 13:48:47 Asia/Saigon] === mainfile Vào Admin access ===
[28-Sep-2025 13:48:47 Asia/Saigon] === mainfile Vào is admin ===
[28-Sep-2025 13:48:47 Asia/Saigon] ===  admin nv_admin_checkdata ===
[28-Sep-2025 13:48:47 Asia/Saigon] === mainfile hoàn thành is admin ===
[28-Sep-2025 08:48:47 Europe/Berlin] === mainfile if file constants, config ===
[28-Sep-2025 08:48:47 Europe/Berlin] C:/xampp/htdocs/dungcuyte 1111 config.php
[28-Sep-2025 08:48:47 Europe/Berlin] === mainfile require realpath constants, config ===
[28-Sep-2025 08:48:47 Europe/Berlin] === mainfile before config_global ===
[28-Sep-2025 08:48:47 Europe/Berlin] === DEBUG IP: '127.0.0.1'
[28-Sep-2025 08:48:48 Europe/Berlin] === mainfile if file constants, config ===
[28-Sep-2025 08:48:48 Europe/Berlin] C:/xampp/htdocs/dungcuyte 1111 config.php
[28-Sep-2025 08:48:48 Europe/Berlin] === mainfile require realpath constants, config ===
[28-Sep-2025 08:48:48 Europe/Berlin] === mainfile before config_global ===
[28-Sep-2025 08:48:48 Europe/Berlin] === DEBUG IP: '127.0.0.1'
[28-Sep-2025 13:48:48 Asia/Saigon] === mainfile Vào Admin access ===
[28-Sep-2025 13:48:48 Asia/Saigon] === mainfile Vào is admin ===
[28-Sep-2025 13:48:48 Asia/Saigon] ===  admin nv_admin_checkdata ===
[28-Sep-2025 13:48:48 Asia/Saigon] === mainfile hoàn thành is admin ===
[28-Sep-2025 13:48:48 Asia/Saigon] === defined NV_ROOTDIR ===
[28-Sep-2025 13:48:48 Asia/Saigon] === theme.php main shop loaded OK ===
[28-Sep-2025 13:48:48 Asia/Saigon] === mainfile Vào Admin access ===
[28-Sep-2025 13:48:48 Asia/Saigon] === mainfile Vào is admin ===
[28-Sep-2025 13:48:48 Asia/Saigon] ===  admin nv_admin_checkdata ===
[28-Sep-2025 13:48:48 Asia/Saigon] === mainfile hoàn thành is admin ===
[28-Sep-2025 13:48:48 Asia/Saigon] === defined NV_ROOTDIR ===
[28-Sep-2025 13:48:48 Asia/Saigon] === theme.php main shop loaded OK ===
[28-Sep-2025 13:48:48 Asia/Saigon] === mainfile Vào Admin access ===
[28-Sep-2025 13:48:48 Asia/Saigon] === mainfile Vào is admin ===
[28-Sep-2025 13:48:48 Asia/Saigon] ===  admin nv_admin_checkdata ===
[28-Sep-2025 13:48:48 Asia/Saigon] === mainfile hoàn thành is admin ===
[28-Sep-2025 13:48:48 Asia/Saigon] === defined NV_ROOTDIR ===
[28-Sep-2025 13:48:48 Asia/Saigon] === theme.php main shop loaded OK ===
[28-Sep-2025 08:48:52 Europe/Berlin] === mainfile if file constants, config ===
[28-Sep-2025 08:48:52 Europe/Berlin] C:/xampp/htdocs/dungcuyte 1111 config.php
[28-Sep-2025 08:48:52 Europe/Berlin] === mainfile require realpath constants, config ===
[28-Sep-2025 08:48:52 Europe/Berlin] === mainfile before config_global ===
[28-Sep-2025 08:48:52 Europe/Berlin] === DEBUG IP: '127.0.0.1'
[28-Sep-2025 13:48:52 Asia/Saigon] === mainfile Vào Admin access ===
[28-Sep-2025 13:48:52 Asia/Saigon] === mainfile Vào is admin ===
[28-Sep-2025 13:48:52 Asia/Saigon] ===  admin nv_admin_checkdata ===
[28-Sep-2025 13:48:52 Asia/Saigon] === mainfile hoàn thành is admin ===
[28-Sep-2025 13:48:52 Asia/Saigon] === defined NV_ROOTDIR ===
[28-Sep-2025 13:48:52 Asia/Saigon] === theme.php main shop loaded OK ===
[28-Sep-2025 08:48:52 Europe/Berlin] === mainfile if file constants, config ===
[28-Sep-2025 08:48:52 Europe/Berlin] C:/xampp/htdocs/dungcuyte 1111 config.php
[28-Sep-2025 08:48:52 Europe/Berlin] === mainfile if file constants, config ===
[28-Sep-2025 08:48:52 Europe/Berlin] === mainfile require realpath constants, config ===
[28-Sep-2025 08:48:52 Europe/Berlin] C:/xampp/htdocs/dungcuyte 1111 config.php
[28-Sep-2025 08:48:52 Europe/Berlin] === mainfile require realpath constants, config ===
[28-Sep-2025 08:48:52 Europe/Berlin] === mainfile before config_global ===
[28-Sep-2025 08:48:52 Europe/Berlin] === mainfile before config_global ===
[28-Sep-2025 08:48:52 Europe/Berlin] === DEBUG IP: '127.0.0.1'
[28-Sep-2025 08:48:52 Europe/Berlin] === DEBUG IP: '127.0.0.1'
[28-Sep-2025 13:48:52 Asia/Saigon] === mainfile Vào Admin access ===
[28-Sep-2025 13:48:52 Asia/Saigon] === mainfile Vào is admin ===
[28-Sep-2025 13:48:52 Asia/Saigon] ===  admin nv_admin_checkdata ===
[28-Sep-2025 13:48:52 Asia/Saigon] === mainfile hoàn thành is admin ===
[28-Sep-2025 13:48:52 Asia/Saigon] === defined NV_ROOTDIR ===
[28-Sep-2025 13:48:52 Asia/Saigon] === theme.php main shop loaded OK ===
[28-Sep-2025 13:48:52 Asia/Saigon] === mainfile Vào Admin access ===
[28-Sep-2025 13:48:52 Asia/Saigon] === mainfile Vào is admin ===
[28-Sep-2025 13:48:52 Asia/Saigon] ===  admin nv_admin_checkdata ===
[28-Sep-2025 13:48:52 Asia/Saigon] === mainfile hoàn thành is admin ===
[28-Sep-2025 13:48:52 Asia/Saigon] === defined NV_ROOTDIR ===
[28-Sep-2025 13:48:52 Asia/Saigon] === theme.php main shop loaded OK ===
[28-Sep-2025 08:48:55 Europe/Berlin] === mainfile if file constants, config ===
[28-Sep-2025 08:48:55 Europe/Berlin] C:/xampp/htdocs/dungcuyte 1111 config.php
[28-Sep-2025 08:48:55 Europe/Berlin] === mainfile require realpath constants, config ===
[28-Sep-2025 08:48:55 Europe/Berlin] === mainfile before config_global ===
[28-Sep-2025 08:48:55 Europe/Berlin] === DEBUG IP: '127.0.0.1'
[28-Sep-2025 13:48:55 Asia/Saigon] === mainfile Vào Admin access ===
[28-Sep-2025 13:48:55 Asia/Saigon] === mainfile Vào is admin ===
[28-Sep-2025 13:48:55 Asia/Saigon] ===  admin nv_admin_checkdata ===
[28-Sep-2025 13:48:55 Asia/Saigon] === mainfile hoàn thành is admin ===
[28-Sep-2025 08:49:01 Europe/Berlin] === mainfile if file constants, config ===
[28-Sep-2025 08:49:01 Europe/Berlin] C:/xampp/htdocs/dungcuyte 1111 config.php
[28-Sep-2025 08:49:01 Europe/Berlin] === mainfile require realpath constants, config ===
[28-Sep-2025 08:49:01 Europe/Berlin] === mainfile before config_global ===
[28-Sep-2025 08:49:01 Europe/Berlin] === DEBUG IP: '127.0.0.1'
[28-Sep-2025 13:49:01 Asia/Saigon] === mainfile Vào Admin access ===
[28-Sep-2025 13:49:01 Asia/Saigon] === mainfile Vào is admin ===
[28-Sep-2025 13:49:01 Asia/Saigon] ===  admin nv_admin_checkdata ===
[28-Sep-2025 13:49:01 Asia/Saigon] === mainfile hoàn thành is admin ===
[28-Sep-2025 08:49:05 Europe/Berlin] === mainfile if file constants, config ===
[28-Sep-2025 08:49:05 Europe/Berlin] C:/xampp/htdocs/dungcuyte 1111 config.php
[28-Sep-2025 08:49:05 Europe/Berlin] === mainfile require realpath constants, config ===
[28-Sep-2025 08:49:05 Europe/Berlin] === mainfile before config_global ===
[28-Sep-2025 08:49:05 Europe/Berlin] === DEBUG IP: '127.0.0.1'
[28-Sep-2025 13:49:05 Asia/Saigon] === mainfile Vào Admin access ===
[28-Sep-2025 13:49:05 Asia/Saigon] === mainfile Vào is admin ===
[28-Sep-2025 13:49:05 Asia/Saigon] ===  admin nv_admin_checkdata ===
[28-Sep-2025 13:49:05 Asia/Saigon] === mainfile hoàn thành is admin ===
[28-Sep-2025 08:49:05 Europe/Berlin] === mainfile if file constants, config ===
[28-Sep-2025 08:49:05 Europe/Berlin] C:/xampp/htdocs/dungcuyte 1111 config.php
[28-Sep-2025 08:49:05 Europe/Berlin] === mainfile require realpath constants, config ===
[28-Sep-2025 08:49:05 Europe/Berlin] === mainfile before config_global ===
[28-Sep-2025 08:49:05 Europe/Berlin] === DEBUG IP: '127.0.0.1'
[28-Sep-2025 13:49:05 Asia/Saigon] === mainfile Vào Admin access ===
[28-Sep-2025 13:49:05 Asia/Saigon] === mainfile Vào is admin ===
[28-Sep-2025 13:49:05 Asia/Saigon] ===  admin nv_admin_checkdata ===
[28-Sep-2025 13:49:05 Asia/Saigon] === mainfile hoàn thành is admin ===
[28-Sep-2025 13:49:05 Asia/Saigon] === START content page shops ===
[28-Sep-2025 13:49:05 Asia/Saigon] === START content page shops sql ===SELECT bid, adddefault, vi_title FROM nv4nu_shops_block_cat ORDER BY weight ASC
[28-Sep-2025 13:49:05 Asia/Saigon] === START content page shops result ===
[28-Sep-2025 13:49:05 Asia/Saigon] === START content page shops rowcontent ===
[28-Sep-2025 13:49:05 Asia/Saigon] === START pass content page shops rowcontent[id] ===
[28-Sep-2025 13:49:05 Asia/Saigon] === START Add San Pham ===
[28-Sep-2025 13:49:05 Asia/Saigon] ===error_message ===Mã sản phẩm đúng !!!
[28-Sep-2025 13:49:05 Asia/Saigon] === Xu ly tu khoa ===
[28-Sep-2025 13:49:05 Asia/Saigon] === Xu ly anh minh hoa ===
[28-Sep-2025 13:49:05 Asia/Saigon] === qua được hàm Xu ly anh minh hoa ===
[28-Sep-2025 13:49:05 Asia/Saigon] gia tri error :
[28-Sep-2025 13:49:05 Asia/Saigon] vào check if error
[28-Sep-2025 13:49:05 Asia/Saigon] chuẩn bị check Update tags list
[28-Sep-2025 13:49:05 Asia/Saigon] vào được Update tags list
[28-Sep-2025 13:49:05 Asia/Saigon] chuẩn bị vào foreach  Update tags list
[28-Sep-2025 13:49:05 Asia/Saigon] foreach
[28-Sep-2025 13:49:05 Asia/Saigon] DEBUG array_keywords_old: NULL
[28-Sep-2025 13:49:05 Asia/Saigon] 
[28-Sep-2025 08:50:08 Europe/Berlin] === mainfile if file constants, config ===
[28-Sep-2025 08:50:08 Europe/Berlin] C:/xampp/htdocs/dungcuyte 1111 config.php
[28-Sep-2025 08:50:08 Europe/Berlin] === mainfile require realpath constants, config ===
[28-Sep-2025 08:50:08 Europe/Berlin] === mainfile before config_global ===
[28-Sep-2025 08:50:08 Europe/Berlin] === DEBUG IP: '127.0.0.1'
[28-Sep-2025 08:50:08 Europe/Berlin] === mainfile if file constants, config ===
[28-Sep-2025 08:50:08 Europe/Berlin] C:/xampp/htdocs/dungcuyte 1111 config.php
[28-Sep-2025 08:50:08 Europe/Berlin] === mainfile require realpath constants, config ===
[28-Sep-2025 08:50:08 Europe/Berlin] === mainfile before config_global ===
[28-Sep-2025 08:50:08 Europe/Berlin] === DEBUG IP: '127.0.0.1'
[28-Sep-2025 13:50:08 Asia/Saigon] === mainfile Vào Admin access ===
[28-Sep-2025 13:50:08 Asia/Saigon] === mainfile Vào is admin ===
[28-Sep-2025 13:50:08 Asia/Saigon] ===  admin nv_admin_checkdata ===
[28-Sep-2025 13:50:08 Asia/Saigon] === mainfile hoàn thành is admin ===
[28-Sep-2025 13:50:08 Asia/Saigon] === mainfile Vào Admin access ===
[28-Sep-2025 13:50:08 Asia/Saigon] === mainfile Vào is admin ===
[28-Sep-2025 13:50:08 Asia/Saigon] ===  admin nv_admin_checkdata ===
[28-Sep-2025 13:50:08 Asia/Saigon] === mainfile hoàn thành is admin ===
[28-Sep-2025 13:50:08 Asia/Saigon] === defined NV_ROOTDIR ===
[28-Sep-2025 13:50:08 Asia/Saigon] === theme.php main shop loaded OK ===
[28-Sep-2025 08:50:09 Europe/Berlin] === mainfile if file constants, config ===
[28-Sep-2025 08:50:09 Europe/Berlin] C:/xampp/htdocs/dungcuyte 1111 config.php
[28-Sep-2025 08:50:09 Europe/Berlin] === mainfile require realpath constants, config ===
[28-Sep-2025 08:50:09 Europe/Berlin] === mainfile before config_global ===
[28-Sep-2025 08:50:09 Europe/Berlin] === DEBUG IP: '127.0.0.1'
[28-Sep-2025 13:50:09 Asia/Saigon] === mainfile Vào Admin access ===
[28-Sep-2025 13:50:09 Asia/Saigon] === mainfile Vào is admin ===
[28-Sep-2025 13:50:09 Asia/Saigon] ===  admin nv_admin_checkdata ===
[28-Sep-2025 13:50:09 Asia/Saigon] === mainfile hoàn thành is admin ===
[28-Sep-2025 13:50:09 Asia/Saigon] ===main shops finish loaded OK ===
[28-Sep-2025 08:50:09 Europe/Berlin] === mainfile if file constants, config ===
[28-Sep-2025 08:50:09 Europe/Berlin] C:/xampp/htdocs/dungcuyte 1111 config.php
[28-Sep-2025 08:50:09 Europe/Berlin] === mainfile require realpath constants, config ===
[28-Sep-2025 08:50:09 Europe/Berlin] === mainfile before config_global ===
[28-Sep-2025 08:50:09 Europe/Berlin] === DEBUG IP: '127.0.0.1'
[28-Sep-2025 13:50:09 Asia/Saigon] === mainfile Vào Admin access ===
[28-Sep-2025 13:50:09 Asia/Saigon] === mainfile Vào is admin ===
[28-Sep-2025 13:50:09 Asia/Saigon] ===  admin nv_admin_checkdata ===
[28-Sep-2025 13:50:09 Asia/Saigon] === mainfile hoàn thành is admin ===
[28-Sep-2025 13:50:09 Asia/Saigon] === defined NV_ROOTDIR ===
[28-Sep-2025 13:50:09 Asia/Saigon] === theme.php main shop loaded OK ===
[28-Sep-2025 08:50:09 Europe/Berlin] === mainfile if file constants, config ===
[28-Sep-2025 08:50:09 Europe/Berlin] C:/xampp/htdocs/dungcuyte 1111 config.php
[28-Sep-2025 08:50:09 Europe/Berlin] === mainfile require realpath constants, config ===
[28-Sep-2025 08:50:09 Europe/Berlin] === mainfile before config_global ===
[28-Sep-2025 08:50:09 Europe/Berlin] === DEBUG IP: '127.0.0.1'
[28-Sep-2025 13:50:09 Asia/Saigon] === mainfile Vào Admin access ===
[28-Sep-2025 13:50:09 Asia/Saigon] === mainfile Vào is admin ===
[28-Sep-2025 13:50:09 Asia/Saigon] ===  admin nv_admin_checkdata ===
[28-Sep-2025 13:50:09 Asia/Saigon] === mainfile hoàn thành is admin ===
[28-Sep-2025 08:50:09 Europe/Berlin] === mainfile if file constants, config ===
[28-Sep-2025 08:50:09 Europe/Berlin] C:/xampp/htdocs/dungcuyte 1111 config.php
[28-Sep-2025 08:50:09 Europe/Berlin] === mainfile require realpath constants, config ===
[28-Sep-2025 08:50:09 Europe/Berlin] === mainfile before config_global ===
[28-Sep-2025 08:50:09 Europe/Berlin] === DEBUG IP: '127.0.0.1'
[28-Sep-2025 13:50:09 Asia/Saigon] === mainfile Vào Admin access ===
[28-Sep-2025 13:50:09 Asia/Saigon] === mainfile Vào is admin ===
[28-Sep-2025 13:50:09 Asia/Saigon] ===  admin nv_admin_checkdata ===
[28-Sep-2025 13:50:09 Asia/Saigon] === mainfile hoàn thành is admin ===
[28-Sep-2025 13:50:09 Asia/Saigon] === defined NV_ROOTDIR ===
[28-Sep-2025 13:50:09 Asia/Saigon] === theme.php main shop loaded OK ===
[28-Sep-2025 08:50:11 Europe/Berlin] === mainfile if file constants, config ===
[28-Sep-2025 08:50:11 Europe/Berlin] C:/xampp/htdocs/dungcuyte 1111 config.php
[28-Sep-2025 08:50:11 Europe/Berlin] === mainfile require realpath constants, config ===
[28-Sep-2025 08:50:11 Europe/Berlin] === mainfile before config_global ===
[28-Sep-2025 08:50:11 Europe/Berlin] === DEBUG IP: '127.0.0.1'
[28-Sep-2025 13:50:11 Asia/Saigon] === mainfile Vào Admin access ===
[28-Sep-2025 13:50:11 Asia/Saigon] === mainfile Vào is admin ===
[28-Sep-2025 13:50:11 Asia/Saigon] ===  admin nv_admin_checkdata ===
[28-Sep-2025 13:50:11 Asia/Saigon] === mainfile hoàn thành is admin ===
[28-Sep-2025 08:50:12 Europe/Berlin] === mainfile if file constants, config ===
[28-Sep-2025 08:50:12 Europe/Berlin] C:/xampp/htdocs/dungcuyte 1111 config.php
[28-Sep-2025 08:50:12 Europe/Berlin] === mainfile require realpath constants, config ===
[28-Sep-2025 08:50:12 Europe/Berlin] === mainfile before config_global ===
[28-Sep-2025 08:50:12 Europe/Berlin] === DEBUG IP: '127.0.0.1'
[28-Sep-2025 13:50:12 Asia/Saigon] === mainfile Vào Admin access ===
[28-Sep-2025 13:50:12 Asia/Saigon] === mainfile Vào is admin ===
[28-Sep-2025 13:50:12 Asia/Saigon] ===  admin nv_admin_checkdata ===
[28-Sep-2025 13:50:12 Asia/Saigon] === mainfile hoàn thành is admin ===
[28-Sep-2025 13:50:13 Asia/Saigon] === START content page shops ===
[28-Sep-2025 13:50:13 Asia/Saigon] === START content page shops sql ===SELECT bid, adddefault, vi_title FROM nv4nu_shops_block_cat ORDER BY weight ASC
[28-Sep-2025 13:50:13 Asia/Saigon] === START content page shops result ===
[28-Sep-2025 13:50:13 Asia/Saigon] === START content page shops rowcontent ===
[28-Sep-2025 13:50:13 Asia/Saigon] === START pass content page shops rowcontent[id] ===
[28-Sep-2025 13:50:13 Asia/Saigon] === START content page shops finished ===
[28-Sep-2025 08:50:13 Europe/Berlin] === mainfile if file constants, config ===
[28-Sep-2025 08:50:13 Europe/Berlin] C:/xampp/htdocs/dungcuyte 1111 config.php
[28-Sep-2025 08:50:13 Europe/Berlin] === mainfile require realpath constants, config ===
[28-Sep-2025 08:50:13 Europe/Berlin] === mainfile before config_global ===
[28-Sep-2025 08:50:13 Europe/Berlin] === DEBUG IP: '127.0.0.1'
[28-Sep-2025 13:50:13 Asia/Saigon] === mainfile Vào Admin access ===
[28-Sep-2025 13:50:13 Asia/Saigon] === mainfile Vào is admin ===
[28-Sep-2025 13:50:13 Asia/Saigon] ===  admin nv_admin_checkdata ===
[28-Sep-2025 13:50:13 Asia/Saigon] === mainfile hoàn thành is admin ===
[28-Sep-2025 13:50:13 Asia/Saigon] === defined NV_ROOTDIR ===
[28-Sep-2025 13:50:13 Asia/Saigon] === theme.php main shop loaded OK ===
[28-Sep-2025 08:50:13 Europe/Berlin] === mainfile if file constants, config ===
[28-Sep-2025 08:50:13 Europe/Berlin] C:/xampp/htdocs/dungcuyte 1111 config.php
[28-Sep-2025 08:50:13 Europe/Berlin] === mainfile require realpath constants, config ===
[28-Sep-2025 08:50:13 Europe/Berlin] === mainfile before config_global ===
[28-Sep-2025 08:50:13 Europe/Berlin] === DEBUG IP: '127.0.0.1'
[28-Sep-2025 08:50:13 Europe/Berlin] === mainfile if file constants, config ===
[28-Sep-2025 08:50:13 Europe/Berlin] C:/xampp/htdocs/dungcuyte 1111 config.php
[28-Sep-2025 08:50:13 Europe/Berlin] === mainfile require realpath constants, config ===
[28-Sep-2025 08:50:13 Europe/Berlin] === mainfile before config_global ===
[28-Sep-2025 08:50:13 Europe/Berlin] === DEBUG IP: '127.0.0.1'
[28-Sep-2025 08:50:13 Europe/Berlin] === mainfile if file constants, config ===
[28-Sep-2025 08:50:13 Europe/Berlin] C:/xampp/htdocs/dungcuyte 1111 config.php
[28-Sep-2025 08:50:13 Europe/Berlin] === mainfile require realpath constants, config ===
[28-Sep-2025 08:50:13 Europe/Berlin] === mainfile before config_global ===
[28-Sep-2025 08:50:13 Europe/Berlin] === DEBUG IP: '127.0.0.1'
[28-Sep-2025 13:50:13 Asia/Saigon] === mainfile Vào Admin access ===
[28-Sep-2025 13:50:13 Asia/Saigon] === mainfile Vào is admin ===
[28-Sep-2025 13:50:13 Asia/Saigon] ===  admin nv_admin_checkdata ===
[28-Sep-2025 13:50:13 Asia/Saigon] === mainfile hoàn thành is admin ===
[28-Sep-2025 13:50:13 Asia/Saigon] === START getgroup.php ===
[28-Sep-2025 13:50:13 Asia/Saigon] === mainfile Vào Admin access ===
[28-Sep-2025 13:50:13 Asia/Saigon] === mainfile Vào is admin ===
[28-Sep-2025 13:50:13 Asia/Saigon] ===  admin nv_admin_checkdata ===
[28-Sep-2025 13:50:13 Asia/Saigon] === mainfile hoàn thành is admin ===
[28-Sep-2025 13:50:13 Asia/Saigon] === mainfile Vào Admin access ===
[28-Sep-2025 13:50:13 Asia/Saigon] === mainfile Vào is admin ===
[28-Sep-2025 13:50:13 Asia/Saigon] ===  admin nv_admin_checkdata ===
[28-Sep-2025 13:50:13 Asia/Saigon] === mainfile hoàn thành is admin ===
[28-Sep-2025 13:50:13 Asia/Saigon] === defined NV_ROOTDIR ===
[28-Sep-2025 13:50:13 Asia/Saigon] === theme.php main shop loaded OK ===
[28-Sep-2025 08:50:15 Europe/Berlin] === mainfile if file constants, config ===
[28-Sep-2025 08:50:15 Europe/Berlin] C:/xampp/htdocs/dungcuyte 1111 config.php
[28-Sep-2025 08:50:15 Europe/Berlin] === mainfile require realpath constants, config ===
[28-Sep-2025 08:50:15 Europe/Berlin] === mainfile before config_global ===
[28-Sep-2025 08:50:15 Europe/Berlin] === DEBUG IP: '127.0.0.1'
[28-Sep-2025 13:50:15 Asia/Saigon] === mainfile Vào Admin access ===
[28-Sep-2025 13:50:15 Asia/Saigon] === mainfile Vào is admin ===
[28-Sep-2025 13:50:15 Asia/Saigon] ===  admin nv_admin_checkdata ===
[28-Sep-2025 13:50:15 Asia/Saigon] === mainfile hoàn thành is admin ===
[28-Sep-2025 08:50:16 Europe/Berlin] === mainfile if file constants, config ===
[28-Sep-2025 08:50:16 Europe/Berlin] === mainfile if file constants, config ===
[28-Sep-2025 08:50:16 Europe/Berlin] C:/xampp/htdocs/dungcuyte 1111 config.php
[28-Sep-2025 08:50:16 Europe/Berlin] === mainfile if file constants, config ===
[28-Sep-2025 08:50:16 Europe/Berlin] C:/xampp/htdocs/dungcuyte 1111 config.php
[28-Sep-2025 08:50:16 Europe/Berlin] C:/xampp/htdocs/dungcuyte 1111 config.php
[28-Sep-2025 08:50:16 Europe/Berlin] === mainfile require realpath constants, config ===
[28-Sep-2025 08:50:16 Europe/Berlin] === mainfile require realpath constants, config ===
[28-Sep-2025 08:50:16 Europe/Berlin] === mainfile require realpath constants, config ===
[28-Sep-2025 08:50:16 Europe/Berlin] === mainfile before config_global ===
[28-Sep-2025 08:50:16 Europe/Berlin] === mainfile before config_global ===
[28-Sep-2025 08:50:16 Europe/Berlin] === mainfile before config_global ===
[28-Sep-2025 08:50:16 Europe/Berlin] === DEBUG IP: '127.0.0.1'
[28-Sep-2025 08:50:16 Europe/Berlin] === DEBUG IP: '127.0.0.1'
[28-Sep-2025 08:50:16 Europe/Berlin] === DEBUG IP: '127.0.0.1'
[28-Sep-2025 13:50:16 Asia/Saigon] === mainfile Vào Admin access ===
[28-Sep-2025 13:50:16 Asia/Saigon] === mainfile Vào is admin ===
[28-Sep-2025 13:50:16 Asia/Saigon] ===  admin nv_admin_checkdata ===
[28-Sep-2025 13:50:16 Asia/Saigon] === mainfile hoàn thành is admin ===
[28-Sep-2025 13:50:16 Asia/Saigon] === mainfile Vào Admin access ===
[28-Sep-2025 13:50:16 Asia/Saigon] === mainfile Vào is admin ===
[28-Sep-2025 13:50:16 Asia/Saigon] ===  admin nv_admin_checkdata ===
[28-Sep-2025 13:50:16 Asia/Saigon] === mainfile hoàn thành is admin ===
[28-Sep-2025 13:50:16 Asia/Saigon] === mainfile Vào Admin access ===
[28-Sep-2025 13:50:16 Asia/Saigon] === mainfile Vào is admin ===
[28-Sep-2025 13:50:16 Asia/Saigon] ===  admin nv_admin_checkdata ===
[28-Sep-2025 13:50:16 Asia/Saigon] === mainfile hoàn thành is admin ===
[28-Sep-2025 13:50:16 Asia/Saigon] === START getgroup.php ===
[28-Sep-2025 08:50:23 Europe/Berlin] === mainfile if file constants, config ===
[28-Sep-2025 08:50:23 Europe/Berlin] C:/xampp/htdocs/dungcuyte 1111 config.php
[28-Sep-2025 08:50:23 Europe/Berlin] === mainfile require realpath constants, config ===
[28-Sep-2025 08:50:23 Europe/Berlin] === mainfile before config_global ===
[28-Sep-2025 08:50:23 Europe/Berlin] === DEBUG IP: '127.0.0.1'
[28-Sep-2025 13:50:23 Asia/Saigon] === mainfile Vào Admin access ===
[28-Sep-2025 13:50:23 Asia/Saigon] === mainfile Vào is admin ===
[28-Sep-2025 13:50:23 Asia/Saigon] ===  admin nv_admin_checkdata ===
[28-Sep-2025 13:50:23 Asia/Saigon] === mainfile hoàn thành is admin ===
[28-Sep-2025 08:50:23 Europe/Berlin] === mainfile if file constants, config ===
[28-Sep-2025 08:50:23 Europe/Berlin] C:/xampp/htdocs/dungcuyte 1111 config.php
[28-Sep-2025 08:50:23 Europe/Berlin] === mainfile require realpath constants, config ===
[28-Sep-2025 08:50:23 Europe/Berlin] === mainfile before config_global ===
[28-Sep-2025 08:50:23 Europe/Berlin] === DEBUG IP: '127.0.0.1'
[28-Sep-2025 13:50:23 Asia/Saigon] === mainfile Vào Admin access ===
[28-Sep-2025 13:50:23 Asia/Saigon] === mainfile Vào is admin ===
[28-Sep-2025 13:50:23 Asia/Saigon] ===  admin nv_admin_checkdata ===
[28-Sep-2025 13:50:23 Asia/Saigon] === mainfile hoàn thành is admin ===
[28-Sep-2025 08:50:23 Europe/Berlin] === mainfile if file constants, config ===
[28-Sep-2025 08:50:23 Europe/Berlin] C:/xampp/htdocs/dungcuyte 1111 config.php
[28-Sep-2025 08:50:23 Europe/Berlin] === mainfile require realpath constants, config ===
[28-Sep-2025 08:50:23 Europe/Berlin] === mainfile if file constants, config ===
[28-Sep-2025 08:50:23 Europe/Berlin] === mainfile before config_global ===
[28-Sep-2025 08:50:23 Europe/Berlin] C:/xampp/htdocs/dungcuyte 1111 config.php
[28-Sep-2025 08:50:23 Europe/Berlin] === mainfile require realpath constants, config ===
[28-Sep-2025 08:50:23 Europe/Berlin] === DEBUG IP: '127.0.0.1'
[28-Sep-2025 08:50:23 Europe/Berlin] === mainfile before config_global ===
[28-Sep-2025 08:50:23 Europe/Berlin] === mainfile if file constants, config ===
[28-Sep-2025 08:50:23 Europe/Berlin] C:/xampp/htdocs/dungcuyte 1111 config.php
[28-Sep-2025 08:50:23 Europe/Berlin] === DEBUG IP: '127.0.0.1'
[28-Sep-2025 08:50:23 Europe/Berlin] === mainfile require realpath constants, config ===
[28-Sep-2025 08:50:23 Europe/Berlin] === mainfile before config_global ===
[28-Sep-2025 08:50:23 Europe/Berlin] === DEBUG IP: '127.0.0.1'
[28-Sep-2025 13:50:23 Asia/Saigon] === mainfile Vào Admin access ===
[28-Sep-2025 13:50:23 Asia/Saigon] === mainfile Vào is admin ===
[28-Sep-2025 13:50:23 Asia/Saigon] ===  admin nv_admin_checkdata ===
[28-Sep-2025 13:50:23 Asia/Saigon] === mainfile hoàn thành is admin ===
[28-Sep-2025 13:50:23 Asia/Saigon] === mainfile Vào Admin access ===
[28-Sep-2025 13:50:23 Asia/Saigon] === mainfile Vào is admin ===
[28-Sep-2025 13:50:23 Asia/Saigon] ===  admin nv_admin_checkdata ===
[28-Sep-2025 13:50:23 Asia/Saigon] === mainfile hoàn thành is admin ===
[28-Sep-2025 13:50:23 Asia/Saigon] === mainfile Vào Admin access ===
[28-Sep-2025 13:50:23 Asia/Saigon] === mainfile Vào is admin ===
[28-Sep-2025 13:50:23 Asia/Saigon] ===  admin nv_admin_checkdata ===
[28-Sep-2025 13:50:23 Asia/Saigon] === mainfile hoàn thành is admin ===
[28-Sep-2025 13:50:23 Asia/Saigon] === defined NV_ROOTDIR ===
[28-Sep-2025 08:50:23 Europe/Berlin] === mainfile if file constants, config ===
[28-Sep-2025 08:50:23 Europe/Berlin] C:/xampp/htdocs/dungcuyte 1111 config.php
[28-Sep-2025 08:50:23 Europe/Berlin] === mainfile require realpath constants, config ===
[28-Sep-2025 08:50:23 Europe/Berlin] === mainfile before config_global ===
[28-Sep-2025 08:50:23 Europe/Berlin] === DEBUG IP: '127.0.0.1'
[28-Sep-2025 13:50:23 Asia/Saigon] === theme.php main shop loaded OK ===
[28-Sep-2025 08:50:23 Europe/Berlin] === mainfile if file constants, config ===
[28-Sep-2025 08:50:23 Europe/Berlin] C:/xampp/htdocs/dungcuyte 1111 config.php
[28-Sep-2025 08:50:23 Europe/Berlin] === mainfile require realpath constants, config ===
[28-Sep-2025 08:50:23 Europe/Berlin] === mainfile before config_global ===
[28-Sep-2025 08:50:23 Europe/Berlin] === DEBUG IP: '127.0.0.1'
[28-Sep-2025 13:50:24 Asia/Saigon] === mainfile Vào Admin access ===
[28-Sep-2025 13:50:24 Asia/Saigon] === mainfile Vào is admin ===
[28-Sep-2025 13:50:24 Asia/Saigon] ===  admin nv_admin_checkdata ===
[28-Sep-2025 13:50:24 Asia/Saigon] === mainfile hoàn thành is admin ===
[28-Sep-2025 13:50:24 Asia/Saigon] === defined NV_ROOTDIR ===
[28-Sep-2025 13:50:24 Asia/Saigon] === theme.php main shop loaded OK ===
[28-Sep-2025 13:50:24 Asia/Saigon] === mainfile Vào Admin access ===
[28-Sep-2025 13:50:24 Asia/Saigon] === mainfile Vào is admin ===
[28-Sep-2025 13:50:24 Asia/Saigon] ===  admin nv_admin_checkdata ===
[28-Sep-2025 13:50:24 Asia/Saigon] === mainfile hoàn thành is admin ===
[28-Sep-2025 13:50:24 Asia/Saigon] === defined NV_ROOTDIR ===
[28-Sep-2025 13:50:24 Asia/Saigon] === theme.php main shop loaded OK ===
[28-Sep-2025 08:50:27 Europe/Berlin] === mainfile if file constants, config ===
[28-Sep-2025 08:50:27 Europe/Berlin] C:/xampp/htdocs/dungcuyte 1111 config.php
[28-Sep-2025 08:50:27 Europe/Berlin] === mainfile require realpath constants, config ===
[28-Sep-2025 08:50:27 Europe/Berlin] === mainfile before config_global ===
[28-Sep-2025 08:50:27 Europe/Berlin] === DEBUG IP: '127.0.0.1'
[28-Sep-2025 13:50:27 Asia/Saigon] === mainfile Vào Admin access ===
[28-Sep-2025 13:50:27 Asia/Saigon] === mainfile Vào is admin ===
[28-Sep-2025 13:50:27 Asia/Saigon] ===  admin nv_admin_checkdata ===
[28-Sep-2025 13:50:27 Asia/Saigon] === mainfile hoàn thành is admin ===
[28-Sep-2025 13:50:27 Asia/Saigon] === START content page shops ===
[28-Sep-2025 13:50:27 Asia/Saigon] === START content page shops sql ===SELECT bid, adddefault, vi_title FROM nv4nu_shops_block_cat ORDER BY weight ASC
[28-Sep-2025 13:50:27 Asia/Saigon] === START content page shops result ===
[28-Sep-2025 13:50:27 Asia/Saigon] === START content page shops rowcontent ===
[28-Sep-2025 13:50:27 Asia/Saigon] === START pass content page shops rowcontent[id] ===
[28-Sep-2025 13:50:27 Asia/Saigon] === START Add San Pham ===
[28-Sep-2025 13:50:27 Asia/Saigon] ===error_message ===Mã sản phẩm đã tồn tại!
[28-Sep-2025 13:50:27 Asia/Saigon] === Xu ly tu khoa ===
[28-Sep-2025 13:50:27 Asia/Saigon] === END hoan thanh them san pham moi ===
[28-Sep-2025 13:50:27 Asia/Saigon] === START content page shops finished ===
[28-Sep-2025 08:50:27 Europe/Berlin] === mainfile if file constants, config ===
[28-Sep-2025 08:50:27 Europe/Berlin] C:/xampp/htdocs/dungcuyte 1111 config.php
[28-Sep-2025 08:50:27 Europe/Berlin] === mainfile require realpath constants, config ===
[28-Sep-2025 08:50:27 Europe/Berlin] === mainfile before config_global ===
[28-Sep-2025 08:50:27 Europe/Berlin] === DEBUG IP: '127.0.0.1'
[28-Sep-2025 13:50:27 Asia/Saigon] === mainfile Vào Admin access ===
[28-Sep-2025 13:50:27 Asia/Saigon] === mainfile Vào is admin ===
[28-Sep-2025 13:50:27 Asia/Saigon] ===  admin nv_admin_checkdata ===
[28-Sep-2025 13:50:27 Asia/Saigon] === mainfile hoàn thành is admin ===
[28-Sep-2025 13:50:27 Asia/Saigon] === defined NV_ROOTDIR ===
[28-Sep-2025 08:50:27 Europe/Berlin] === mainfile if file constants, config ===
[28-Sep-2025 08:50:27 Europe/Berlin] C:/xampp/htdocs/dungcuyte 1111 config.php
[28-Sep-2025 08:50:27 Europe/Berlin] === mainfile require realpath constants, config ===
[28-Sep-2025 08:50:27 Europe/Berlin] === mainfile before config_global ===
[28-Sep-2025 08:50:27 Europe/Berlin] === DEBUG IP: '127.0.0.1'
[28-Sep-2025 13:50:27 Asia/Saigon] === theme.php main shop loaded OK ===
[28-Sep-2025 08:50:27 Europe/Berlin] === mainfile if file constants, config ===
[28-Sep-2025 08:50:27 Europe/Berlin] C:/xampp/htdocs/dungcuyte 1111 config.php
[28-Sep-2025 08:50:27 Europe/Berlin] === mainfile require realpath constants, config ===
[28-Sep-2025 08:50:27 Europe/Berlin] === mainfile before config_global ===
[28-Sep-2025 08:50:27 Europe/Berlin] === DEBUG IP: '127.0.0.1'
[28-Sep-2025 13:50:27 Asia/Saigon] === mainfile Vào Admin access ===
[28-Sep-2025 13:50:27 Asia/Saigon] === mainfile Vào is admin ===
[28-Sep-2025 13:50:27 Asia/Saigon] ===  admin nv_admin_checkdata ===
[28-Sep-2025 13:50:27 Asia/Saigon] === mainfile hoàn thành is admin ===
[28-Sep-2025 08:50:27 Europe/Berlin] === mainfile if file constants, config ===
[28-Sep-2025 08:50:27 Europe/Berlin] C:/xampp/htdocs/dungcuyte 1111 config.php
[28-Sep-2025 08:50:27 Europe/Berlin] === mainfile require realpath constants, config ===
[28-Sep-2025 08:50:27 Europe/Berlin] === mainfile before config_global ===
[28-Sep-2025 08:50:27 Europe/Berlin] === DEBUG IP: '127.0.0.1'
[28-Sep-2025 13:50:27 Asia/Saigon] === START getgroup.php ===
[28-Sep-2025 13:50:27 Asia/Saigon] === mainfile Vào Admin access ===
[28-Sep-2025 13:50:27 Asia/Saigon] === mainfile Vào is admin ===
[28-Sep-2025 13:50:27 Asia/Saigon] ===  admin nv_admin_checkdata ===
[28-Sep-2025 13:50:27 Asia/Saigon] === mainfile hoàn thành is admin ===
[28-Sep-2025 13:50:27 Asia/Saigon] === mainfile Vào Admin access ===
[28-Sep-2025 13:50:27 Asia/Saigon] === mainfile Vào is admin ===
[28-Sep-2025 13:50:27 Asia/Saigon] ===  admin nv_admin_checkdata ===
[28-Sep-2025 13:50:27 Asia/Saigon] === mainfile hoàn thành is admin ===
[28-Sep-2025 13:50:27 Asia/Saigon] === defined NV_ROOTDIR ===
[28-Sep-2025 13:50:27 Asia/Saigon] === theme.php main shop loaded OK ===
[28-Sep-2025 08:50:33 Europe/Berlin] === mainfile if file constants, config ===
[28-Sep-2025 08:50:33 Europe/Berlin] C:/xampp/htdocs/dungcuyte 1111 config.php
[28-Sep-2025 08:50:33 Europe/Berlin] === mainfile require realpath constants, config ===
[28-Sep-2025 08:50:33 Europe/Berlin] === mainfile before config_global ===
[28-Sep-2025 08:50:33 Europe/Berlin] === DEBUG IP: '127.0.0.1'
[28-Sep-2025 13:50:33 Asia/Saigon] === mainfile Vào Admin access ===
[28-Sep-2025 13:50:33 Asia/Saigon] === mainfile Vào is admin ===
[28-Sep-2025 13:50:33 Asia/Saigon] ===  admin nv_admin_checkdata ===
[28-Sep-2025 13:50:33 Asia/Saigon] === mainfile hoàn thành is admin ===
[28-Sep-2025 13:50:33 Asia/Saigon] === START content page shops ===
[28-Sep-2025 13:50:33 Asia/Saigon] === START content page shops sql ===SELECT bid, adddefault, vi_title FROM nv4nu_shops_block_cat ORDER BY weight ASC
[28-Sep-2025 13:50:33 Asia/Saigon] === START content page shops result ===
[28-Sep-2025 13:50:33 Asia/Saigon] === START content page shops rowcontent ===
[28-Sep-2025 13:50:33 Asia/Saigon] === START pass content page shops rowcontent[id] ===
[28-Sep-2025 13:50:33 Asia/Saigon] === START Add San Pham ===
[28-Sep-2025 13:50:33 Asia/Saigon] ===error_message ===Mã sản phẩm đúng !!!
[28-Sep-2025 13:50:33 Asia/Saigon] === Xu ly tu khoa ===
[28-Sep-2025 13:50:33 Asia/Saigon] === Xu ly anh minh hoa ===
[28-Sep-2025 13:50:33 Asia/Saigon] === qua được hàm Xu ly anh minh hoa ===
[28-Sep-2025 13:50:33 Asia/Saigon] gia tri error :
[28-Sep-2025 13:50:33 Asia/Saigon] vào check if error
[28-Sep-2025 13:50:33 Asia/Saigon] chuẩn bị check Update tags list
[28-Sep-2025 13:50:33 Asia/Saigon] vào được Update tags list
[28-Sep-2025 13:50:33 Asia/Saigon] chuẩn bị vào foreach  Update tags list
[28-Sep-2025 13:50:33 Asia/Saigon] foreach have items
[28-Sep-2025 13:50:33 Asia/Saigon] foreach have items and excute
[28-Sep-2025 13:50:33 Asia/Saigon] chuẩn bị vào foreach empty tid Update tags list
[28-Sep-2025 13:50:33 Asia/Saigon] insert keyword for table _tags_id
[28-Sep-2025 13:50:33 Asia/Saigon] update được Update tags list thành công
[28-Sep-2025 13:50:33 Asia/Saigon] trước hàm nv_del_moduleCache
[28-Sep-2025 08:50:33 Europe/Berlin] === mainfile if file constants, config ===
[28-Sep-2025 08:50:33 Europe/Berlin] C:/xampp/htdocs/dungcuyte 1111 config.php
[28-Sep-2025 08:50:33 Europe/Berlin] === mainfile require realpath constants, config ===
[28-Sep-2025 08:50:33 Europe/Berlin] === mainfile before config_global ===
[28-Sep-2025 08:50:33 Europe/Berlin] === DEBUG IP: '127.0.0.1'
[28-Sep-2025 13:50:33 Asia/Saigon] === mainfile Vào Admin access ===
[28-Sep-2025 13:50:33 Asia/Saigon] === mainfile Vào is admin ===
[28-Sep-2025 13:50:33 Asia/Saigon] ===  admin nv_admin_checkdata ===
[28-Sep-2025 13:50:33 Asia/Saigon] === mainfile hoàn thành is admin ===
[28-Sep-2025 13:50:33 Asia/Saigon] ===main shops finish loaded OK ===
[28-Sep-2025 08:50:33 Europe/Berlin] === mainfile if file constants, config ===
[28-Sep-2025 08:50:33 Europe/Berlin] C:/xampp/htdocs/dungcuyte 1111 config.php
[28-Sep-2025 08:50:33 Europe/Berlin] === mainfile require realpath constants, config ===
[28-Sep-2025 08:50:33 Europe/Berlin] === mainfile before config_global ===
[28-Sep-2025 08:50:33 Europe/Berlin] === DEBUG IP: '127.0.0.1'
[28-Sep-2025 13:50:33 Asia/Saigon] === mainfile Vào Admin access ===
[28-Sep-2025 13:50:33 Asia/Saigon] === mainfile Vào is admin ===
[28-Sep-2025 13:50:33 Asia/Saigon] ===  admin nv_admin_checkdata ===
[28-Sep-2025 13:50:33 Asia/Saigon] === mainfile hoàn thành is admin ===
[28-Sep-2025 13:50:33 Asia/Saigon] === defined NV_ROOTDIR ===
[28-Sep-2025 13:50:33 Asia/Saigon] === theme.php main shop loaded OK ===
[28-Sep-2025 08:50:33 Europe/Berlin] === mainfile if file constants, config ===
[28-Sep-2025 08:50:33 Europe/Berlin] C:/xampp/htdocs/dungcuyte 1111 config.php
[28-Sep-2025 08:50:33 Europe/Berlin] === mainfile require realpath constants, config ===
[28-Sep-2025 08:50:33 Europe/Berlin] === mainfile before config_global ===
[28-Sep-2025 08:50:33 Europe/Berlin] === DEBUG IP: '127.0.0.1'
[28-Sep-2025 13:50:34 Asia/Saigon] === mainfile Vào Admin access ===
[28-Sep-2025 13:50:34 Asia/Saigon] === mainfile Vào is admin ===
[28-Sep-2025 13:50:34 Asia/Saigon] ===  admin nv_admin_checkdata ===
[28-Sep-2025 08:50:34 Europe/Berlin] === mainfile if file constants, config ===
[28-Sep-2025 13:50:34 Asia/Saigon] === mainfile hoàn thành is admin ===
[28-Sep-2025 08:50:34 Europe/Berlin] C:/xampp/htdocs/dungcuyte 1111 config.php
[28-Sep-2025 08:50:34 Europe/Berlin] === mainfile require realpath constants, config ===
[28-Sep-2025 08:50:34 Europe/Berlin] === mainfile before config_global ===
[28-Sep-2025 08:50:34 Europe/Berlin] === DEBUG IP: '127.0.0.1'
[28-Sep-2025 13:50:34 Asia/Saigon] === mainfile Vào Admin access ===
[28-Sep-2025 13:50:34 Asia/Saigon] === mainfile Vào is admin ===
[28-Sep-2025 13:50:34 Asia/Saigon] ===  admin nv_admin_checkdata ===
[28-Sep-2025 13:50:34 Asia/Saigon] === mainfile hoàn thành is admin ===
[28-Sep-2025 13:50:34 Asia/Saigon] === defined NV_ROOTDIR ===
[28-Sep-2025 13:50:34 Asia/Saigon] === theme.php main shop loaded OK ===
[28-Sep-2025 08:50:35 Europe/Berlin] === mainfile if file constants, config ===
[28-Sep-2025 08:50:35 Europe/Berlin] C:/xampp/htdocs/dungcuyte 1111 config.php
[28-Sep-2025 08:50:35 Europe/Berlin] === mainfile require realpath constants, config ===
[28-Sep-2025 08:50:35 Europe/Berlin] === mainfile before config_global ===
[28-Sep-2025 08:50:35 Europe/Berlin] === DEBUG IP: '127.0.0.1'
[28-Sep-2025 13:50:35 Asia/Saigon] === mainfile Vào Admin access ===
[28-Sep-2025 13:50:35 Asia/Saigon] === mainfile Vào is admin ===
[28-Sep-2025 13:50:35 Asia/Saigon] ===  admin nv_admin_checkdata ===
[28-Sep-2025 13:50:35 Asia/Saigon] === mainfile hoàn thành is admin ===
[28-Sep-2025 13:50:35 Asia/Saigon] === defined NV_ROOTDIR ===
[28-Sep-2025 13:50:35 Asia/Saigon] === START detail.php shops ===
[28-Sep-2025 13:50:35 Asia/Saigon] === nv_user_in_groups detail.php shops ===
[28-Sep-2025 13:50:35 Asia/Saigon] === Tu khoa detail.php shops ===
[28-Sep-2025 13:50:35 Asia/Saigon] === truoc khi while tu khoa shops ===
[28-Sep-2025 13:50:35 Asia/Saigon] === metatag image facebookdetail.php shops ===
[28-Sep-2025 13:50:35 Asia/Saigon] === truoc khi vao while detail.php shops ===
[28-Sep-2025 13:50:35 Asia/Saigon] === if detail.php shops ===
[28-Sep-2025 08:50:36 Europe/Berlin] === mainfile if file constants, config ===
[28-Sep-2025 08:50:36 Europe/Berlin] C:/xampp/htdocs/dungcuyte 1111 config.php
[28-Sep-2025 08:50:36 Europe/Berlin] === mainfile require realpath constants, config ===
[28-Sep-2025 08:50:36 Europe/Berlin] === mainfile before config_global ===
[28-Sep-2025 08:50:36 Europe/Berlin] === DEBUG IP: '127.0.0.1'
[28-Sep-2025 08:50:38 Europe/Berlin] === mainfile if file constants, config ===
[28-Sep-2025 08:50:38 Europe/Berlin] C:/xampp/htdocs/dungcuyte 1111 config.php
[28-Sep-2025 08:50:38 Europe/Berlin] === mainfile require realpath constants, config ===
[28-Sep-2025 08:50:38 Europe/Berlin] === mainfile before config_global ===
[28-Sep-2025 08:50:38 Europe/Berlin] === DEBUG IP: '127.0.0.1'
[28-Sep-2025 13:50:38 Asia/Saigon] === mainfile Vào Admin access ===
[28-Sep-2025 13:50:38 Asia/Saigon] === mainfile Vào is admin ===
[28-Sep-2025 13:50:38 Asia/Saigon] ===  admin nv_admin_checkdata ===
[28-Sep-2025 13:50:38 Asia/Saigon] === mainfile hoàn thành is admin ===
[28-Sep-2025 13:50:38 Asia/Saigon] === defined NV_ROOTDIR ===
[28-Sep-2025 13:50:38 Asia/Saigon] === START detail.php shops ===
[28-Sep-2025 13:50:38 Asia/Saigon] === nv_user_in_groups detail.php shops ===
[28-Sep-2025 13:50:38 Asia/Saigon] === Tu khoa detail.php shops ===
[28-Sep-2025 13:50:38 Asia/Saigon] === truoc khi while tu khoa shops ===
[28-Sep-2025 13:50:38 Asia/Saigon] === metatag image facebookdetail.php shops ===
[28-Sep-2025 13:50:38 Asia/Saigon] === truoc khi vao while detail.php shops ===
[28-Sep-2025 13:50:38 Asia/Saigon] === if detail.php shops ===
[28-Sep-2025 08:50:38 Europe/Berlin] === mainfile if file constants, config ===
[28-Sep-2025 08:50:38 Europe/Berlin] C:/xampp/htdocs/dungcuyte 1111 config.php
[28-Sep-2025 08:50:38 Europe/Berlin] === mainfile require realpath constants, config ===
[28-Sep-2025 08:50:38 Europe/Berlin] === mainfile before config_global ===
[28-Sep-2025 08:50:38 Europe/Berlin] === DEBUG IP: '127.0.0.1'
[28-Sep-2025 08:50:40 Europe/Berlin] === mainfile if file constants, config ===
[28-Sep-2025 08:50:40 Europe/Berlin] C:/xampp/htdocs/dungcuyte 1111 config.php
[28-Sep-2025 08:50:40 Europe/Berlin] === mainfile require realpath constants, config ===
[28-Sep-2025 08:50:40 Europe/Berlin] === mainfile before config_global ===
[28-Sep-2025 08:50:40 Europe/Berlin] === DEBUG IP: '127.0.0.1'
[28-Sep-2025 13:50:40 Asia/Saigon] === mainfile Vào Admin access ===
[28-Sep-2025 13:50:40 Asia/Saigon] === mainfile Vào is admin ===
[28-Sep-2025 13:50:40 Asia/Saigon] ===  admin nv_admin_checkdata ===
[28-Sep-2025 13:50:40 Asia/Saigon] === mainfile hoàn thành is admin ===
[28-Sep-2025 13:50:40 Asia/Saigon] === START content page shops ===
[28-Sep-2025 13:50:40 Asia/Saigon] === START content page shops sql ===SELECT bid, adddefault, vi_title FROM nv4nu_shops_block_cat ORDER BY weight ASC
[28-Sep-2025 13:50:40 Asia/Saigon] === START content page shops result ===
[28-Sep-2025 13:50:40 Asia/Saigon] === START content page shops rowcontent ===
[28-Sep-2025 13:50:40 Asia/Saigon] === START pass content page shops rowcontent[id] ===
[28-Sep-2025 13:50:40 Asia/Saigon] === START update San Pham ===
[28-Sep-2025 13:50:40 Asia/Saigon] === START content page shops finished ===
[28-Sep-2025 08:50:40 Europe/Berlin] === mainfile if file constants, config ===
[28-Sep-2025 08:50:40 Europe/Berlin] C:/xampp/htdocs/dungcuyte 1111 config.php
[28-Sep-2025 08:50:40 Europe/Berlin] === mainfile require realpath constants, config ===
[28-Sep-2025 08:50:40 Europe/Berlin] === mainfile before config_global ===
[28-Sep-2025 08:50:40 Europe/Berlin] === DEBUG IP: '127.0.0.1'
[28-Sep-2025 13:50:40 Asia/Saigon] === mainfile Vào Admin access ===
[28-Sep-2025 13:50:40 Asia/Saigon] === mainfile Vào is admin ===
[28-Sep-2025 13:50:40 Asia/Saigon] ===  admin nv_admin_checkdata ===
[28-Sep-2025 13:50:40 Asia/Saigon] === mainfile hoàn thành is admin ===
[28-Sep-2025 13:50:40 Asia/Saigon] === defined NV_ROOTDIR ===
[28-Sep-2025 13:50:40 Asia/Saigon] === theme.php main shop loaded OK ===
[28-Sep-2025 08:50:40 Europe/Berlin] === mainfile if file constants, config ===
[28-Sep-2025 08:50:40 Europe/Berlin] C:/xampp/htdocs/dungcuyte 1111 config.php
[28-Sep-2025 08:50:40 Europe/Berlin] === mainfile require realpath constants, config ===
[28-Sep-2025 08:50:40 Europe/Berlin] === mainfile before config_global ===
[28-Sep-2025 08:50:40 Europe/Berlin] === DEBUG IP: '127.0.0.1'
[28-Sep-2025 08:50:40 Europe/Berlin] === mainfile if file constants, config ===
[28-Sep-2025 08:50:40 Europe/Berlin] C:/xampp/htdocs/dungcuyte 1111 config.php
[28-Sep-2025 08:50:40 Europe/Berlin] === mainfile require realpath constants, config ===
[28-Sep-2025 08:50:40 Europe/Berlin] === mainfile before config_global ===
[28-Sep-2025 08:50:40 Europe/Berlin] === DEBUG IP: '127.0.0.1'
[28-Sep-2025 13:50:40 Asia/Saigon] === mainfile Vào Admin access ===
[28-Sep-2025 13:50:40 Asia/Saigon] === mainfile Vào is admin ===
[28-Sep-2025 13:50:40 Asia/Saigon] ===  admin nv_admin_checkdata ===
[28-Sep-2025 13:50:40 Asia/Saigon] === mainfile hoàn thành is admin ===
[28-Sep-2025 13:50:40 Asia/Saigon] === mainfile Vào Admin access ===
[28-Sep-2025 13:50:40 Asia/Saigon] === mainfile Vào is admin ===
[28-Sep-2025 13:50:40 Asia/Saigon] ===  admin nv_admin_checkdata ===
[28-Sep-2025 13:50:40 Asia/Saigon] === mainfile hoàn thành is admin ===
[28-Sep-2025 13:50:40 Asia/Saigon] === START getgroup.php ===
[28-Sep-2025 08:50:40 Europe/Berlin] === mainfile if file constants, config ===
[28-Sep-2025 08:50:40 Europe/Berlin] C:/xampp/htdocs/dungcuyte 1111 config.php
[28-Sep-2025 08:50:40 Europe/Berlin] === mainfile require realpath constants, config ===
[28-Sep-2025 08:50:40 Europe/Berlin] === mainfile before config_global ===
[28-Sep-2025 08:50:40 Europe/Berlin] === DEBUG IP: '127.0.0.1'
[28-Sep-2025 13:50:40 Asia/Saigon] === mainfile Vào Admin access ===
[28-Sep-2025 13:50:40 Asia/Saigon] === mainfile Vào is admin ===
[28-Sep-2025 13:50:40 Asia/Saigon] ===  admin nv_admin_checkdata ===
[28-Sep-2025 13:50:40 Asia/Saigon] === mainfile hoàn thành is admin ===
[28-Sep-2025 13:50:40 Asia/Saigon] === defined NV_ROOTDIR ===
[28-Sep-2025 13:50:40 Asia/Saigon] === theme.php main shop loaded OK ===
[28-Sep-2025 08:50:44 Europe/Berlin] === mainfile if file constants, config ===
[28-Sep-2025 08:50:44 Europe/Berlin] C:/xampp/htdocs/dungcuyte 1111 config.php
[28-Sep-2025 08:50:44 Europe/Berlin] === mainfile require realpath constants, config ===
[28-Sep-2025 08:50:44 Europe/Berlin] === mainfile before config_global ===
[28-Sep-2025 08:50:44 Europe/Berlin] === DEBUG IP: '127.0.0.1'
[28-Sep-2025 13:50:44 Asia/Saigon] === mainfile Vào Admin access ===
[28-Sep-2025 13:50:44 Asia/Saigon] === mainfile Vào is admin ===
[28-Sep-2025 13:50:44 Asia/Saigon] ===  admin nv_admin_checkdata ===
[28-Sep-2025 13:50:44 Asia/Saigon] === mainfile hoàn thành is admin ===
[28-Sep-2025 08:50:45 Europe/Berlin] === mainfile if file constants, config ===
[28-Sep-2025 08:50:45 Europe/Berlin] C:/xampp/htdocs/dungcuyte 1111 config.php
[28-Sep-2025 08:50:45 Europe/Berlin] === mainfile if file constants, config ===
[28-Sep-2025 08:50:45 Europe/Berlin] === mainfile if file constants, config ===
[28-Sep-2025 08:50:45 Europe/Berlin] === mainfile require realpath constants, config ===
[28-Sep-2025 08:50:45 Europe/Berlin] C:/xampp/htdocs/dungcuyte 1111 config.php
[28-Sep-2025 08:50:45 Europe/Berlin] C:/xampp/htdocs/dungcuyte 1111 config.php
[28-Sep-2025 08:50:45 Europe/Berlin] === mainfile before config_global ===
[28-Sep-2025 08:50:45 Europe/Berlin] === mainfile require realpath constants, config ===
[28-Sep-2025 08:50:45 Europe/Berlin] === mainfile require realpath constants, config ===
[28-Sep-2025 08:50:45 Europe/Berlin] === mainfile before config_global ===
[28-Sep-2025 08:50:45 Europe/Berlin] === mainfile before config_global ===
[28-Sep-2025 08:50:45 Europe/Berlin] === DEBUG IP: '127.0.0.1'
[28-Sep-2025 08:50:45 Europe/Berlin] === DEBUG IP: '127.0.0.1'
[28-Sep-2025 08:50:45 Europe/Berlin] === DEBUG IP: '127.0.0.1'
[28-Sep-2025 13:50:45 Asia/Saigon] === mainfile Vào Admin access ===
[28-Sep-2025 13:50:45 Asia/Saigon] === mainfile Vào is admin ===
[28-Sep-2025 13:50:45 Asia/Saigon] ===  admin nv_admin_checkdata ===
[28-Sep-2025 13:50:45 Asia/Saigon] === mainfile hoàn thành is admin ===
[28-Sep-2025 13:50:45 Asia/Saigon] === START getgroup.php ===
[28-Sep-2025 13:50:45 Asia/Saigon] === mainfile Vào Admin access ===
[28-Sep-2025 13:50:45 Asia/Saigon] === mainfile Vào is admin ===
[28-Sep-2025 13:50:45 Asia/Saigon] ===  admin nv_admin_checkdata ===
[28-Sep-2025 13:50:45 Asia/Saigon] === mainfile hoàn thành is admin ===
[28-Sep-2025 13:50:45 Asia/Saigon] === mainfile Vào Admin access ===
[28-Sep-2025 13:50:45 Asia/Saigon] === mainfile Vào is admin ===
[28-Sep-2025 13:50:45 Asia/Saigon] ===  admin nv_admin_checkdata ===
[28-Sep-2025 13:50:45 Asia/Saigon] === mainfile hoàn thành is admin ===
[28-Sep-2025 08:50:50 Europe/Berlin] === mainfile if file constants, config ===
[28-Sep-2025 08:50:50 Europe/Berlin] C:/xampp/htdocs/dungcuyte 1111 config.php
[28-Sep-2025 08:50:50 Europe/Berlin] === mainfile require realpath constants, config ===
[28-Sep-2025 08:50:50 Europe/Berlin] === mainfile before config_global ===
[28-Sep-2025 08:50:50 Europe/Berlin] === DEBUG IP: '127.0.0.1'
[28-Sep-2025 13:50:50 Asia/Saigon] === mainfile Vào Admin access ===
[28-Sep-2025 13:50:50 Asia/Saigon] === mainfile Vào is admin ===
[28-Sep-2025 13:50:50 Asia/Saigon] ===  admin nv_admin_checkdata ===
[28-Sep-2025 13:50:50 Asia/Saigon] === mainfile hoàn thành is admin ===
[28-Sep-2025 08:50:51 Europe/Berlin] === mainfile if file constants, config ===
[28-Sep-2025 08:50:51 Europe/Berlin] C:/xampp/htdocs/dungcuyte 1111 config.php
[28-Sep-2025 08:50:51 Europe/Berlin] === mainfile require realpath constants, config ===
[28-Sep-2025 08:50:51 Europe/Berlin] === mainfile before config_global ===
[28-Sep-2025 08:50:51 Europe/Berlin] === DEBUG IP: '127.0.0.1'
[28-Sep-2025 13:50:51 Asia/Saigon] === mainfile Vào Admin access ===
[28-Sep-2025 13:50:51 Asia/Saigon] === mainfile Vào is admin ===
[28-Sep-2025 13:50:51 Asia/Saigon] ===  admin nv_admin_checkdata ===
[28-Sep-2025 13:50:51 Asia/Saigon] === mainfile hoàn thành is admin ===
[28-Sep-2025 08:50:53 Europe/Berlin] === mainfile if file constants, config ===
[28-Sep-2025 08:50:53 Europe/Berlin] C:/xampp/htdocs/dungcuyte 1111 config.php
[28-Sep-2025 08:50:53 Europe/Berlin] === mainfile require realpath constants, config ===
[28-Sep-2025 08:50:53 Europe/Berlin] === mainfile before config_global ===
[28-Sep-2025 08:50:53 Europe/Berlin] === DEBUG IP: '127.0.0.1'
[28-Sep-2025 13:50:53 Asia/Saigon] === mainfile Vào Admin access ===
[28-Sep-2025 13:50:53 Asia/Saigon] === mainfile Vào is admin ===
[28-Sep-2025 13:50:53 Asia/Saigon] ===  admin nv_admin_checkdata ===
[28-Sep-2025 13:50:53 Asia/Saigon] === mainfile hoàn thành is admin ===
[28-Sep-2025 13:50:53 Asia/Saigon] === START content page shops ===
[28-Sep-2025 13:50:53 Asia/Saigon] === START content page shops sql ===SELECT bid, adddefault, vi_title FROM nv4nu_shops_block_cat ORDER BY weight ASC
[28-Sep-2025 13:50:53 Asia/Saigon] === START content page shops result ===
[28-Sep-2025 13:50:53 Asia/Saigon] === START content page shops rowcontent ===
[28-Sep-2025 13:50:53 Asia/Saigon] === START pass content page shops rowcontent[id] ===
[28-Sep-2025 13:50:53 Asia/Saigon] === START Add San Pham ===
[28-Sep-2025 13:50:53 Asia/Saigon] ===error_message ===Mã sản phẩm đúng !!!
[28-Sep-2025 13:50:53 Asia/Saigon] === Xu ly tu khoa ===
[28-Sep-2025 13:50:53 Asia/Saigon] === Xu ly anh minh hoa ===
[28-Sep-2025 13:50:53 Asia/Saigon] === qua được hàm Xu ly anh minh hoa ===
[28-Sep-2025 13:50:53 Asia/Saigon] gia tri error :
[28-Sep-2025 13:50:53 Asia/Saigon] vào check if error
[28-Sep-2025 13:50:53 Asia/Saigon] chuẩn bị check Update tags list
[28-Sep-2025 13:50:53 Asia/Saigon] vào được Update tags list
[28-Sep-2025 13:50:53 Asia/Saigon] chuẩn bị vào foreach  Update tags list
[28-Sep-2025 13:50:53 Asia/Saigon] No items in in_array tags list
[28-Sep-2025 13:50:53 Asia/Saigon] foreach have items
[28-Sep-2025 13:50:53 Asia/Saigon] foreach have items and excute
[28-Sep-2025 13:50:53 Asia/Saigon] chuẩn bị vào foreach empty tid Update tags list
[28-Sep-2025 13:50:53 Asia/Saigon] insert keyword for table _tags_id
[28-Sep-2025 13:50:53 Asia/Saigon] update được Update tags list thành công
[28-Sep-2025 13:50:53 Asia/Saigon] trước hàm nv_del_moduleCache
[28-Sep-2025 08:50:53 Europe/Berlin] === mainfile if file constants, config ===
[28-Sep-2025 08:50:53 Europe/Berlin] C:/xampp/htdocs/dungcuyte 1111 config.php
[28-Sep-2025 08:50:53 Europe/Berlin] === mainfile require realpath constants, config ===
[28-Sep-2025 08:50:53 Europe/Berlin] === mainfile before config_global ===
[28-Sep-2025 08:50:53 Europe/Berlin] === DEBUG IP: '127.0.0.1'
[28-Sep-2025 13:50:53 Asia/Saigon] === mainfile Vào Admin access ===
[28-Sep-2025 13:50:53 Asia/Saigon] === mainfile Vào is admin ===
[28-Sep-2025 13:50:53 Asia/Saigon] ===  admin nv_admin_checkdata ===
[28-Sep-2025 13:50:53 Asia/Saigon] === mainfile hoàn thành is admin ===
[28-Sep-2025 13:50:53 Asia/Saigon] ===main shops finish loaded OK ===
[28-Sep-2025 08:50:53 Europe/Berlin] === mainfile if file constants, config ===
[28-Sep-2025 08:50:53 Europe/Berlin] C:/xampp/htdocs/dungcuyte 1111 config.php
[28-Sep-2025 08:50:53 Europe/Berlin] === mainfile require realpath constants, config ===
[28-Sep-2025 08:50:53 Europe/Berlin] === mainfile before config_global ===
[28-Sep-2025 08:50:53 Europe/Berlin] === DEBUG IP: '127.0.0.1'
[28-Sep-2025 13:50:53 Asia/Saigon] === mainfile Vào Admin access ===
[28-Sep-2025 13:50:53 Asia/Saigon] === mainfile Vào is admin ===
[28-Sep-2025 13:50:53 Asia/Saigon] ===  admin nv_admin_checkdata ===
[28-Sep-2025 13:50:53 Asia/Saigon] === mainfile hoàn thành is admin ===
[28-Sep-2025 13:50:53 Asia/Saigon] === defined NV_ROOTDIR ===
[28-Sep-2025 13:50:53 Asia/Saigon] === theme.php main shop loaded OK ===
[28-Sep-2025 08:50:53 Europe/Berlin] === mainfile if file constants, config ===
[28-Sep-2025 08:50:53 Europe/Berlin] C:/xampp/htdocs/dungcuyte 1111 config.php
[28-Sep-2025 08:50:53 Europe/Berlin] === mainfile require realpath constants, config ===
[28-Sep-2025 08:50:53 Europe/Berlin] === mainfile before config_global ===
[28-Sep-2025 08:50:53 Europe/Berlin] === DEBUG IP: '127.0.0.1'
[28-Sep-2025 13:50:53 Asia/Saigon] === mainfile Vào Admin access ===
[28-Sep-2025 13:50:53 Asia/Saigon] === mainfile Vào is admin ===
[28-Sep-2025 13:50:53 Asia/Saigon] ===  admin nv_admin_checkdata ===
[28-Sep-2025 08:50:53 Europe/Berlin] === mainfile if file constants, config ===
[28-Sep-2025 13:50:53 Asia/Saigon] === mainfile hoàn thành is admin ===
[28-Sep-2025 08:50:53 Europe/Berlin] C:/xampp/htdocs/dungcuyte 1111 config.php
[28-Sep-2025 08:50:53 Europe/Berlin] === mainfile require realpath constants, config ===
[28-Sep-2025 08:50:53 Europe/Berlin] === mainfile before config_global ===
[28-Sep-2025 08:50:53 Europe/Berlin] === DEBUG IP: '127.0.0.1'
[28-Sep-2025 13:50:53 Asia/Saigon] === mainfile Vào Admin access ===
[28-Sep-2025 13:50:53 Asia/Saigon] === mainfile Vào is admin ===
[28-Sep-2025 13:50:53 Asia/Saigon] ===  admin nv_admin_checkdata ===
[28-Sep-2025 13:50:53 Asia/Saigon] === mainfile hoàn thành is admin ===
[28-Sep-2025 13:50:53 Asia/Saigon] === defined NV_ROOTDIR ===
[28-Sep-2025 13:50:53 Asia/Saigon] === theme.php main shop loaded OK ===
[28-Sep-2025 08:50:54 Europe/Berlin] === mainfile if file constants, config ===
[28-Sep-2025 08:50:54 Europe/Berlin] C:/xampp/htdocs/dungcuyte 1111 config.php
[28-Sep-2025 08:50:54 Europe/Berlin] === mainfile require realpath constants, config ===
[28-Sep-2025 08:50:54 Europe/Berlin] === mainfile before config_global ===
[28-Sep-2025 08:50:54 Europe/Berlin] === DEBUG IP: '127.0.0.1'
[28-Sep-2025 13:50:54 Asia/Saigon] === mainfile Vào Admin access ===
[28-Sep-2025 13:50:54 Asia/Saigon] === mainfile Vào is admin ===
[28-Sep-2025 13:50:54 Asia/Saigon] ===  admin nv_admin_checkdata ===
[28-Sep-2025 13:50:54 Asia/Saigon] === mainfile hoàn thành is admin ===
[28-Sep-2025 13:50:54 Asia/Saigon] === defined NV_ROOTDIR ===
[28-Sep-2025 13:50:54 Asia/Saigon] === START detail.php shops ===
[28-Sep-2025 13:50:54 Asia/Saigon] === nv_user_in_groups detail.php shops ===
[28-Sep-2025 13:50:54 Asia/Saigon] === Tu khoa detail.php shops ===
[28-Sep-2025 13:50:54 Asia/Saigon] === truoc khi while tu khoa shops ===
[28-Sep-2025 13:50:54 Asia/Saigon] === metatag image facebookdetail.php shops ===
[28-Sep-2025 13:50:54 Asia/Saigon] === truoc khi vao while detail.php shops ===
[28-Sep-2025 13:50:54 Asia/Saigon] === if detail.php shops ===
[28-Sep-2025 08:50:54 Europe/Berlin] === mainfile if file constants, config ===
[28-Sep-2025 08:50:54 Europe/Berlin] C:/xampp/htdocs/dungcuyte 1111 config.php
[28-Sep-2025 08:50:54 Europe/Berlin] === mainfile require realpath constants, config ===
[28-Sep-2025 08:50:54 Europe/Berlin] === mainfile before config_global ===
[28-Sep-2025 08:50:54 Europe/Berlin] === DEBUG IP: '127.0.0.1'
[28-Sep-2025 08:50:55 Europe/Berlin] === mainfile if file constants, config ===
[28-Sep-2025 08:50:55 Europe/Berlin] C:/xampp/htdocs/dungcuyte 1111 config.php
[28-Sep-2025 08:50:55 Europe/Berlin] === mainfile require realpath constants, config ===
[28-Sep-2025 08:50:55 Europe/Berlin] === mainfile before config_global ===
[28-Sep-2025 08:50:55 Europe/Berlin] === DEBUG IP: '127.0.0.1'
[28-Sep-2025 13:50:55 Asia/Saigon] === mainfile Vào Admin access ===
[28-Sep-2025 13:50:55 Asia/Saigon] === mainfile Vào is admin ===
[28-Sep-2025 13:50:55 Asia/Saigon] ===  admin nv_admin_checkdata ===
[28-Sep-2025 13:50:55 Asia/Saigon] === mainfile hoàn thành is admin ===
[28-Sep-2025 08:51:04 Europe/Berlin] === mainfile if file constants, config ===
[28-Sep-2025 08:51:04 Europe/Berlin] C:/xampp/htdocs/dungcuyte 1111 config.php
[28-Sep-2025 08:51:04 Europe/Berlin] === mainfile require realpath constants, config ===
[28-Sep-2025 08:51:04 Europe/Berlin] === mainfile before config_global ===
[28-Sep-2025 08:51:04 Europe/Berlin] === DEBUG IP: '127.0.0.1'
[28-Sep-2025 13:51:04 Asia/Saigon] === mainfile Vào Admin access ===
[28-Sep-2025 13:51:04 Asia/Saigon] === mainfile Vào is admin ===
[28-Sep-2025 13:51:04 Asia/Saigon] ===  admin nv_admin_checkdata ===
[28-Sep-2025 13:51:04 Asia/Saigon] === mainfile hoàn thành is admin ===
[28-Sep-2025 08:51:06 Europe/Berlin] === mainfile if file constants, config ===
[28-Sep-2025 08:51:06 Europe/Berlin] C:/xampp/htdocs/dungcuyte 1111 config.php
[28-Sep-2025 08:51:06 Europe/Berlin] === mainfile require realpath constants, config ===
[28-Sep-2025 08:51:06 Europe/Berlin] === mainfile before config_global ===
[28-Sep-2025 08:51:06 Europe/Berlin] === DEBUG IP: '127.0.0.1'
[28-Sep-2025 13:51:06 Asia/Saigon] === mainfile Vào Admin access ===
[28-Sep-2025 13:51:06 Asia/Saigon] === mainfile Vào is admin ===
[28-Sep-2025 13:51:06 Asia/Saigon] ===  admin nv_admin_checkdata ===
[28-Sep-2025 13:51:06 Asia/Saigon] === mainfile hoàn thành is admin ===
[28-Sep-2025 08:51:15 Europe/Berlin] === mainfile if file constants, config ===
[28-Sep-2025 08:51:15 Europe/Berlin] C:/xampp/htdocs/dungcuyte 1111 config.php
[28-Sep-2025 08:51:15 Europe/Berlin] === mainfile require realpath constants, config ===
[28-Sep-2025 08:51:15 Europe/Berlin] === mainfile before config_global ===
[28-Sep-2025 08:51:15 Europe/Berlin] === DEBUG IP: '127.0.0.1'
[28-Sep-2025 13:51:15 Asia/Saigon] === mainfile Vào Admin access ===
[28-Sep-2025 13:51:15 Asia/Saigon] === mainfile Vào is admin ===
[28-Sep-2025 13:51:15 Asia/Saigon] ===  admin nv_admin_checkdata ===
[28-Sep-2025 13:51:15 Asia/Saigon] === mainfile hoàn thành is admin ===
[28-Sep-2025 08:51:17 Europe/Berlin] === mainfile if file constants, config ===
[28-Sep-2025 08:51:17 Europe/Berlin] C:/xampp/htdocs/dungcuyte 1111 config.php
[28-Sep-2025 08:51:17 Europe/Berlin] === mainfile require realpath constants, config ===
[28-Sep-2025 08:51:17 Europe/Berlin] === mainfile before config_global ===
[28-Sep-2025 08:51:17 Europe/Berlin] === DEBUG IP: '127.0.0.1'
[28-Sep-2025 13:51:17 Asia/Saigon] === mainfile Vào Admin access ===
[28-Sep-2025 13:51:17 Asia/Saigon] === mainfile Vào is admin ===
[28-Sep-2025 13:51:17 Asia/Saigon] ===  admin nv_admin_checkdata ===
[28-Sep-2025 13:51:17 Asia/Saigon] === mainfile hoàn thành is admin ===
[28-Sep-2025 08:51:26 Europe/Berlin] === mainfile if file constants, config ===
[28-Sep-2025 08:51:26 Europe/Berlin] C:/xampp/htdocs/dungcuyte 1111 config.php
[28-Sep-2025 08:51:26 Europe/Berlin] === mainfile require realpath constants, config ===
[28-Sep-2025 08:51:26 Europe/Berlin] === mainfile before config_global ===
[28-Sep-2025 08:51:26 Europe/Berlin] === DEBUG IP: '127.0.0.1'
[28-Sep-2025 13:51:26 Asia/Saigon] === mainfile Vào Admin access ===
[28-Sep-2025 13:51:26 Asia/Saigon] === mainfile Vào is admin ===
[28-Sep-2025 13:51:26 Asia/Saigon] ===  admin nv_admin_checkdata ===
[28-Sep-2025 13:51:26 Asia/Saigon] === mainfile hoàn thành is admin ===
[28-Sep-2025 08:51:28 Europe/Berlin] === mainfile if file constants, config ===
[28-Sep-2025 08:51:28 Europe/Berlin] C:/xampp/htdocs/dungcuyte 1111 config.php
[28-Sep-2025 08:51:28 Europe/Berlin] === mainfile require realpath constants, config ===
[28-Sep-2025 08:51:28 Europe/Berlin] === mainfile before config_global ===
[28-Sep-2025 08:51:28 Europe/Berlin] === DEBUG IP: '127.0.0.1'
[28-Sep-2025 13:51:28 Asia/Saigon] === mainfile Vào Admin access ===
[28-Sep-2025 13:51:28 Asia/Saigon] === mainfile Vào is admin ===
[28-Sep-2025 13:51:28 Asia/Saigon] ===  admin nv_admin_checkdata ===
[28-Sep-2025 13:51:28 Asia/Saigon] === mainfile hoàn thành is admin ===
[28-Sep-2025 08:51:37 Europe/Berlin] === mainfile if file constants, config ===
[28-Sep-2025 08:51:37 Europe/Berlin] C:/xampp/htdocs/dungcuyte 1111 config.php
[28-Sep-2025 08:51:37 Europe/Berlin] === mainfile require realpath constants, config ===
[28-Sep-2025 08:51:37 Europe/Berlin] === mainfile before config_global ===
[28-Sep-2025 08:51:37 Europe/Berlin] === DEBUG IP: '127.0.0.1'
[28-Sep-2025 13:51:37 Asia/Saigon] === mainfile Vào Admin access ===
[28-Sep-2025 13:51:37 Asia/Saigon] === mainfile Vào is admin ===
[28-Sep-2025 13:51:37 Asia/Saigon] ===  admin nv_admin_checkdata ===
[28-Sep-2025 13:51:37 Asia/Saigon] === mainfile hoàn thành is admin ===
[28-Sep-2025 08:51:39 Europe/Berlin] === mainfile if file constants, config ===
[28-Sep-2025 08:51:39 Europe/Berlin] C:/xampp/htdocs/dungcuyte 1111 config.php
[28-Sep-2025 08:51:39 Europe/Berlin] === mainfile require realpath constants, config ===
[28-Sep-2025 08:51:39 Europe/Berlin] === mainfile before config_global ===
[28-Sep-2025 08:51:39 Europe/Berlin] === DEBUG IP: '127.0.0.1'
[28-Sep-2025 13:51:39 Asia/Saigon] === mainfile Vào Admin access ===
[28-Sep-2025 13:51:39 Asia/Saigon] === mainfile Vào is admin ===
[28-Sep-2025 13:51:39 Asia/Saigon] ===  admin nv_admin_checkdata ===
[28-Sep-2025 13:51:39 Asia/Saigon] === mainfile hoàn thành is admin ===
[28-Sep-2025 08:51:48 Europe/Berlin] === mainfile if file constants, config ===
[28-Sep-2025 08:51:48 Europe/Berlin] C:/xampp/htdocs/dungcuyte 1111 config.php
[28-Sep-2025 08:51:48 Europe/Berlin] === mainfile require realpath constants, config ===
[28-Sep-2025 08:51:48 Europe/Berlin] === mainfile before config_global ===
[28-Sep-2025 08:51:48 Europe/Berlin] === DEBUG IP: '127.0.0.1'
[28-Sep-2025 13:51:48 Asia/Saigon] === mainfile Vào Admin access ===
[28-Sep-2025 13:51:48 Asia/Saigon] === mainfile Vào is admin ===
[28-Sep-2025 13:51:48 Asia/Saigon] ===  admin nv_admin_checkdata ===
[28-Sep-2025 13:51:48 Asia/Saigon] === mainfile hoàn thành is admin ===
[28-Sep-2025 08:51:50 Europe/Berlin] === mainfile if file constants, config ===
[28-Sep-2025 08:51:50 Europe/Berlin] C:/xampp/htdocs/dungcuyte 1111 config.php
[28-Sep-2025 08:51:50 Europe/Berlin] === mainfile require realpath constants, config ===
[28-Sep-2025 08:51:50 Europe/Berlin] === mainfile before config_global ===
[28-Sep-2025 08:51:50 Europe/Berlin] === DEBUG IP: '127.0.0.1'
[28-Sep-2025 13:51:50 Asia/Saigon] === mainfile Vào Admin access ===
[28-Sep-2025 13:51:50 Asia/Saigon] === mainfile Vào is admin ===
[28-Sep-2025 13:51:50 Asia/Saigon] ===  admin nv_admin_checkdata ===
[28-Sep-2025 13:51:50 Asia/Saigon] === mainfile hoàn thành is admin ===
[28-Sep-2025 08:51:59 Europe/Berlin] === mainfile if file constants, config ===
[28-Sep-2025 08:51:59 Europe/Berlin] C:/xampp/htdocs/dungcuyte 1111 config.php
[28-Sep-2025 08:51:59 Europe/Berlin] === mainfile require realpath constants, config ===
[28-Sep-2025 08:51:59 Europe/Berlin] === mainfile before config_global ===
[28-Sep-2025 08:51:59 Europe/Berlin] === DEBUG IP: '127.0.0.1'
[28-Sep-2025 13:51:59 Asia/Saigon] === mainfile Vào Admin access ===
[28-Sep-2025 13:51:59 Asia/Saigon] === mainfile Vào is admin ===
[28-Sep-2025 13:51:59 Asia/Saigon] ===  admin nv_admin_checkdata ===
[28-Sep-2025 13:51:59 Asia/Saigon] === mainfile hoàn thành is admin ===
[28-Sep-2025 08:52:01 Europe/Berlin] === mainfile if file constants, config ===
[28-Sep-2025 08:52:01 Europe/Berlin] C:/xampp/htdocs/dungcuyte 1111 config.php
[28-Sep-2025 08:52:01 Europe/Berlin] === mainfile require realpath constants, config ===
[28-Sep-2025 08:52:01 Europe/Berlin] === mainfile before config_global ===
[28-Sep-2025 08:52:01 Europe/Berlin] === DEBUG IP: '127.0.0.1'
[28-Sep-2025 13:52:01 Asia/Saigon] === mainfile Vào Admin access ===
[28-Sep-2025 13:52:01 Asia/Saigon] === mainfile Vào is admin ===
[28-Sep-2025 13:52:01 Asia/Saigon] ===  admin nv_admin_checkdata ===
[28-Sep-2025 13:52:01 Asia/Saigon] === mainfile hoàn thành is admin ===
[28-Sep-2025 08:52:10 Europe/Berlin] === mainfile if file constants, config ===
[28-Sep-2025 08:52:10 Europe/Berlin] C:/xampp/htdocs/dungcuyte 1111 config.php
[28-Sep-2025 08:52:10 Europe/Berlin] === mainfile require realpath constants, config ===
[28-Sep-2025 08:52:10 Europe/Berlin] === mainfile before config_global ===
[28-Sep-2025 08:52:10 Europe/Berlin] === DEBUG IP: '127.0.0.1'
[28-Sep-2025 13:52:10 Asia/Saigon] === mainfile Vào Admin access ===
[28-Sep-2025 13:52:10 Asia/Saigon] === mainfile Vào is admin ===
[28-Sep-2025 13:52:10 Asia/Saigon] ===  admin nv_admin_checkdata ===
[28-Sep-2025 13:52:10 Asia/Saigon] === mainfile hoàn thành is admin ===
[28-Sep-2025 08:52:12 Europe/Berlin] === mainfile if file constants, config ===
[28-Sep-2025 08:52:12 Europe/Berlin] C:/xampp/htdocs/dungcuyte 1111 config.php
[28-Sep-2025 08:52:12 Europe/Berlin] === mainfile require realpath constants, config ===
[28-Sep-2025 08:52:12 Europe/Berlin] === mainfile before config_global ===
[28-Sep-2025 08:52:12 Europe/Berlin] === DEBUG IP: '127.0.0.1'
[28-Sep-2025 13:52:12 Asia/Saigon] === mainfile Vào Admin access ===
[28-Sep-2025 13:52:12 Asia/Saigon] === mainfile Vào is admin ===
[28-Sep-2025 13:52:12 Asia/Saigon] ===  admin nv_admin_checkdata ===
[28-Sep-2025 13:52:12 Asia/Saigon] === mainfile hoàn thành is admin ===
[28-Sep-2025 08:52:21 Europe/Berlin] === mainfile if file constants, config ===
[28-Sep-2025 08:52:21 Europe/Berlin] C:/xampp/htdocs/dungcuyte 1111 config.php
[28-Sep-2025 08:52:21 Europe/Berlin] === mainfile require realpath constants, config ===
[28-Sep-2025 08:52:21 Europe/Berlin] === mainfile before config_global ===
[28-Sep-2025 08:52:21 Europe/Berlin] === DEBUG IP: '127.0.0.1'
[28-Sep-2025 13:52:21 Asia/Saigon] === mainfile Vào Admin access ===
[28-Sep-2025 13:52:21 Asia/Saigon] === mainfile Vào is admin ===
[28-Sep-2025 13:52:21 Asia/Saigon] ===  admin nv_admin_checkdata ===
[28-Sep-2025 13:52:21 Asia/Saigon] === mainfile hoàn thành is admin ===
[28-Sep-2025 08:52:23 Europe/Berlin] === mainfile if file constants, config ===
[28-Sep-2025 08:52:23 Europe/Berlin] C:/xampp/htdocs/dungcuyte 1111 config.php
[28-Sep-2025 08:52:23 Europe/Berlin] === mainfile require realpath constants, config ===
[28-Sep-2025 08:52:23 Europe/Berlin] === mainfile before config_global ===
[28-Sep-2025 08:52:23 Europe/Berlin] === DEBUG IP: '127.0.0.1'
[28-Sep-2025 13:52:23 Asia/Saigon] === mainfile Vào Admin access ===
[28-Sep-2025 13:52:23 Asia/Saigon] === mainfile Vào is admin ===
[28-Sep-2025 13:52:23 Asia/Saigon] ===  admin nv_admin_checkdata ===
[28-Sep-2025 13:52:23 Asia/Saigon] === mainfile hoàn thành is admin ===
[28-Sep-2025 08:52:32 Europe/Berlin] === mainfile if file constants, config ===
[28-Sep-2025 08:52:32 Europe/Berlin] C:/xampp/htdocs/dungcuyte 1111 config.php
[28-Sep-2025 08:52:32 Europe/Berlin] === mainfile require realpath constants, config ===
[28-Sep-2025 08:52:32 Europe/Berlin] === mainfile before config_global ===
[28-Sep-2025 08:52:32 Europe/Berlin] === DEBUG IP: '127.0.0.1'
[28-Sep-2025 13:52:32 Asia/Saigon] === mainfile Vào Admin access ===
[28-Sep-2025 13:52:32 Asia/Saigon] === mainfile Vào is admin ===
[28-Sep-2025 13:52:32 Asia/Saigon] ===  admin nv_admin_checkdata ===
[28-Sep-2025 13:52:32 Asia/Saigon] === mainfile hoàn thành is admin ===
[28-Sep-2025 08:52:34 Europe/Berlin] === mainfile if file constants, config ===
[28-Sep-2025 08:52:34 Europe/Berlin] C:/xampp/htdocs/dungcuyte 1111 config.php
[28-Sep-2025 08:52:34 Europe/Berlin] === mainfile require realpath constants, config ===
[28-Sep-2025 08:52:34 Europe/Berlin] === mainfile before config_global ===
[28-Sep-2025 08:52:34 Europe/Berlin] === DEBUG IP: '127.0.0.1'
[28-Sep-2025 13:52:34 Asia/Saigon] === mainfile Vào Admin access ===
[28-Sep-2025 13:52:34 Asia/Saigon] === mainfile Vào is admin ===
[28-Sep-2025 13:52:34 Asia/Saigon] ===  admin nv_admin_checkdata ===
[28-Sep-2025 13:52:34 Asia/Saigon] === mainfile hoàn thành is admin ===
[28-Sep-2025 08:52:43 Europe/Berlin] === mainfile if file constants, config ===
[28-Sep-2025 08:52:43 Europe/Berlin] C:/xampp/htdocs/dungcuyte 1111 config.php
[28-Sep-2025 08:52:43 Europe/Berlin] === mainfile require realpath constants, config ===
[28-Sep-2025 08:52:43 Europe/Berlin] === mainfile before config_global ===
[28-Sep-2025 08:52:43 Europe/Berlin] === DEBUG IP: '127.0.0.1'
[28-Sep-2025 13:52:43 Asia/Saigon] === mainfile Vào Admin access ===
[28-Sep-2025 13:52:43 Asia/Saigon] === mainfile Vào is admin ===
[28-Sep-2025 13:52:43 Asia/Saigon] ===  admin nv_admin_checkdata ===
[28-Sep-2025 13:52:43 Asia/Saigon] === mainfile hoàn thành is admin ===
[28-Sep-2025 08:52:45 Europe/Berlin] === mainfile if file constants, config ===
[28-Sep-2025 08:52:45 Europe/Berlin] C:/xampp/htdocs/dungcuyte 1111 config.php
[28-Sep-2025 08:52:45 Europe/Berlin] === mainfile require realpath constants, config ===
[28-Sep-2025 08:52:45 Europe/Berlin] === mainfile before config_global ===
[28-Sep-2025 08:52:45 Europe/Berlin] === DEBUG IP: '127.0.0.1'
[28-Sep-2025 13:52:45 Asia/Saigon] === mainfile Vào Admin access ===
[28-Sep-2025 13:52:45 Asia/Saigon] === mainfile Vào is admin ===
[28-Sep-2025 13:52:45 Asia/Saigon] ===  admin nv_admin_checkdata ===
[28-Sep-2025 13:52:45 Asia/Saigon] === mainfile hoàn thành is admin ===
[28-Sep-2025 08:52:54 Europe/Berlin] === mainfile if file constants, config ===
[28-Sep-2025 08:52:54 Europe/Berlin] C:/xampp/htdocs/dungcuyte 1111 config.php
[28-Sep-2025 08:52:54 Europe/Berlin] === mainfile require realpath constants, config ===
[28-Sep-2025 08:52:54 Europe/Berlin] === mainfile before config_global ===
[28-Sep-2025 08:52:54 Europe/Berlin] === DEBUG IP: '127.0.0.1'
[28-Sep-2025 13:52:54 Asia/Saigon] === mainfile Vào Admin access ===
[28-Sep-2025 13:52:54 Asia/Saigon] === mainfile Vào is admin ===
[28-Sep-2025 13:52:54 Asia/Saigon] ===  admin nv_admin_checkdata ===
[28-Sep-2025 13:52:54 Asia/Saigon] === mainfile hoàn thành is admin ===
[28-Sep-2025 08:52:56 Europe/Berlin] === mainfile if file constants, config ===
[28-Sep-2025 08:52:56 Europe/Berlin] C:/xampp/htdocs/dungcuyte 1111 config.php
[28-Sep-2025 08:52:56 Europe/Berlin] === mainfile require realpath constants, config ===
[28-Sep-2025 08:52:56 Europe/Berlin] === mainfile before config_global ===
[28-Sep-2025 08:52:56 Europe/Berlin] === DEBUG IP: '127.0.0.1'
[28-Sep-2025 13:52:56 Asia/Saigon] === mainfile Vào Admin access ===
[28-Sep-2025 13:52:56 Asia/Saigon] === mainfile Vào is admin ===
[28-Sep-2025 13:52:56 Asia/Saigon] ===  admin nv_admin_checkdata ===
[28-Sep-2025 13:52:56 Asia/Saigon] === mainfile hoàn thành is admin ===
[28-Sep-2025 08:53:05 Europe/Berlin] === mainfile if file constants, config ===
[28-Sep-2025 08:53:05 Europe/Berlin] C:/xampp/htdocs/dungcuyte 1111 config.php
[28-Sep-2025 08:53:05 Europe/Berlin] === mainfile require realpath constants, config ===
[28-Sep-2025 08:53:05 Europe/Berlin] === mainfile before config_global ===
[28-Sep-2025 08:53:05 Europe/Berlin] === DEBUG IP: '127.0.0.1'
[28-Sep-2025 13:53:05 Asia/Saigon] === mainfile Vào Admin access ===
[28-Sep-2025 13:53:05 Asia/Saigon] === mainfile Vào is admin ===
[28-Sep-2025 13:53:05 Asia/Saigon] ===  admin nv_admin_checkdata ===
[28-Sep-2025 13:53:05 Asia/Saigon] === mainfile hoàn thành is admin ===
[28-Sep-2025 08:53:07 Europe/Berlin] === mainfile if file constants, config ===
[28-Sep-2025 08:53:07 Europe/Berlin] C:/xampp/htdocs/dungcuyte 1111 config.php
[28-Sep-2025 08:53:07 Europe/Berlin] === mainfile require realpath constants, config ===
[28-Sep-2025 08:53:07 Europe/Berlin] === mainfile before config_global ===
[28-Sep-2025 08:53:07 Europe/Berlin] === DEBUG IP: '127.0.0.1'
[28-Sep-2025 13:53:07 Asia/Saigon] === mainfile Vào Admin access ===
[28-Sep-2025 13:53:07 Asia/Saigon] === mainfile Vào is admin ===
[28-Sep-2025 13:53:07 Asia/Saigon] ===  admin nv_admin_checkdata ===
[28-Sep-2025 13:53:07 Asia/Saigon] === mainfile hoàn thành is admin ===
[28-Sep-2025 08:53:16 Europe/Berlin] === mainfile if file constants, config ===
[28-Sep-2025 08:53:16 Europe/Berlin] C:/xampp/htdocs/dungcuyte 1111 config.php
[28-Sep-2025 08:53:16 Europe/Berlin] === mainfile require realpath constants, config ===
[28-Sep-2025 08:53:16 Europe/Berlin] === mainfile before config_global ===
[28-Sep-2025 08:53:16 Europe/Berlin] === DEBUG IP: '127.0.0.1'
[28-Sep-2025 13:53:16 Asia/Saigon] === mainfile Vào Admin access ===
[28-Sep-2025 13:53:16 Asia/Saigon] === mainfile Vào is admin ===
[28-Sep-2025 13:53:16 Asia/Saigon] ===  admin nv_admin_checkdata ===
[28-Sep-2025 13:53:16 Asia/Saigon] === mainfile hoàn thành is admin ===
