[21-Sep-2025 19:49:51 Asia/Saigon] === Referer + Gqueries ===
[21-Sep-2025 19:49:52 Asia/Saigon] === Referer + Gqueries ===
[21-Sep-2025 19:50:52 Asia/Saigon] SitemapIndex
[21-Sep-2025 19:50:52 Asia/Saigon] Cap nhat trang thai online
[21-Sep-2025 19:50:52 Asia/Saigon] === Referer + Gqueries ===
[21-Sep-2025 19:51:07 Asia/Saigon] SitemapIndex
[21-Sep-2025 19:51:07 Asia/Saigon] Cap nhat trang thai online
[21-Sep-2025 19:51:07 Asia/Saigon] === Referer + Gqueries ===
[21-Sep-2025 19:51:43 Asia/Saigon] === user_functions
[21-Sep-2025 19:51:43 Asia/Saigon] SitemapIndex
[21-Sep-2025 19:51:43 Asia/Saigon] Cap nhat trang thai online
[21-Sep-2025 19:51:43 Asia/Saigon] === Referer + Gqueries ===
[21-Sep-2025 19:52:11 Asia/Saigon] === user_functions
[21-Sep-2025 19:52:11 Asia/Saigon] SitemapIndex
[21-Sep-2025 19:52:11 Asia/Saigon] Cap nhat trang thai online
[21-Sep-2025 19:52:11 Asia/Saigon] === Referer + Gqueries ===
[21-Sep-2025 19:52:11 Asia/Saigon] === user_functions
[21-Sep-2025 19:52:11 Asia/Saigon] SitemapIndex
[21-Sep-2025 19:52:11 Asia/Saigon] Cap nhat trang thai online
[21-Sep-2025 19:52:11 Asia/Saigon] === Referer + Gqueries ===
[21-Sep-2025 19:52:28 Asia/Saigon] === DIRECTORY_SEPARATOR
[21-Sep-2025 19:52:28 Asia/Saigon] === user_functions
[21-Sep-2025 19:52:28 Asia/Saigon] SitemapIndex
[21-Sep-2025 19:52:28 Asia/Saigon] Cap nhat trang thai online
[21-Sep-2025 19:52:28 Asia/Saigon] === Referer + Gqueries ===
[21-Sep-2025 19:52:29 Asia/Saigon] === DIRECTORY_SEPARATOR
[21-Sep-2025 19:52:29 Asia/Saigon] === user_functions
[21-Sep-2025 19:52:29 Asia/Saigon] SitemapIndex
[21-Sep-2025 19:52:29 Asia/Saigon] Cap nhat trang thai online
[21-Sep-2025 19:52:29 Asia/Saigon] === Referer + Gqueries ===
[21-Sep-2025 19:53:07 Asia/Saigon] === DIRECTORY_SEPARATOR
[21-Sep-2025 19:53:07 Asia/Saigon] === user_functions
[21-Sep-2025 19:53:07 Asia/Saigon] SitemapIndex
[21-Sep-2025 19:53:07 Asia/Saigon] Cap nhat trang thai online
[21-Sep-2025 19:53:07 Asia/Saigon] === Referer + Gqueries ===
[21-Sep-2025 19:53:08 Asia/Saigon] === DIRECTORY_SEPARATOR
[21-Sep-2025 19:53:08 Asia/Saigon] === user_functions
[21-Sep-2025 19:53:08 Asia/Saigon] SitemapIndex
[21-Sep-2025 19:53:08 Asia/Saigon] Cap nhat trang thai online
[21-Sep-2025 19:53:08 Asia/Saigon] === Referer + Gqueries ===
[21-Sep-2025 19:53:12 Asia/Saigon] === DIRECTORY_SEPARATOR
[21-Sep-2025 19:53:12 Asia/Saigon] === user_functions
[21-Sep-2025 19:53:12 Asia/Saigon] SitemapIndex
[21-Sep-2025 19:53:12 Asia/Saigon] Cap nhat trang thai online
[21-Sep-2025 19:53:12 Asia/Saigon] === Referer + Gqueries ===
[21-Sep-2025 19:56:18 Asia/Saigon] === DIRECTORY_SEPARATOR
[21-Sep-2025 19:56:18 Asia/Saigon] === user_functions
[21-Sep-2025 19:56:18 Asia/Saigon] SitemapIndex
[21-Sep-2025 19:56:18 Asia/Saigon] Cap nhat trang thai online
[21-Sep-2025 19:56:18 Asia/Saigon] === Referer + Gqueries ===
[21-Sep-2025 19:56:37 Asia/Saigon] === DIRECTORY_SEPARATOR
[21-Sep-2025 19:56:37 Asia/Saigon] === user_functions
[21-Sep-2025 19:56:37 Asia/Saigon] SitemapIndex
[21-Sep-2025 19:56:37 Asia/Saigon] Cap nhat trang thai online
[21-Sep-2025 19:56:37 Asia/Saigon] === Referer + Gqueries ===
[21-Sep-2025 19:56:47 Asia/Saigon] === DIRECTORY_SEPARATOR
[21-Sep-2025 19:56:47 Asia/Saigon] === user_functions
[21-Sep-2025 19:56:47 Asia/Saigon] SitemapIndex
[21-Sep-2025 19:56:47 Asia/Saigon] Cap nhat trang thai online
[21-Sep-2025 19:56:47 Asia/Saigon] === Referer + Gqueries ===
[21-Sep-2025 19:59:39 Asia/Saigon] === DIRECTORY_SEPARATOR
[21-Sep-2025 19:59:39 Asia/Saigon] === user_functions
[21-Sep-2025 19:59:39 Asia/Saigon] SitemapIndex
[21-Sep-2025 19:59:39 Asia/Saigon] Cap nhat trang thai online
[21-Sep-2025 19:59:39 Asia/Saigon] === Referer + Gqueries ===
[21-Sep-2025 19:59:40 Asia/Saigon] === DIRECTORY_SEPARATOR
[21-Sep-2025 19:59:40 Asia/Saigon] === user_functions
[21-Sep-2025 19:59:40 Asia/Saigon] SitemapIndex
[21-Sep-2025 19:59:40 Asia/Saigon] Cap nhat trang thai online
[21-Sep-2025 19:59:40 Asia/Saigon] === Referer + Gqueries ===
[21-Sep-2025 19:59:49 Asia/Saigon] === DIRECTORY_SEPARATOR
[21-Sep-2025 19:59:49 Asia/Saigon] === user_functions
[21-Sep-2025 19:59:49 Asia/Saigon] SitemapIndex
[21-Sep-2025 19:59:49 Asia/Saigon] Cap nhat trang thai online
[21-Sep-2025 19:59:49 Asia/Saigon] === Referer + Gqueries ===
[21-Sep-2025 20:04:32 Asia/Saigon] === mainfile
[21-Sep-2025 20:04:32 Asia/Saigon] === DIRECTORY_SEPARATOR
[21-Sep-2025 20:04:32 Asia/Saigon] === user_functions
[21-Sep-2025 20:04:32 Asia/Saigon] SitemapIndex
[21-Sep-2025 20:04:32 Asia/Saigon] Cap nhat trang thai online
[21-Sep-2025 20:04:32 Asia/Saigon] === Referer + Gqueries ===
[21-Sep-2025 20:04:34 Asia/Saigon] === mainfile
[21-Sep-2025 20:04:34 Asia/Saigon] === DIRECTORY_SEPARATOR
[21-Sep-2025 20:04:34 Asia/Saigon] === user_functions
[21-Sep-2025 20:04:34 Asia/Saigon] SitemapIndex
[21-Sep-2025 20:04:34 Asia/Saigon] Cap nhat trang thai online
[21-Sep-2025 20:04:34 Asia/Saigon] === Referer + Gqueries ===
[21-Sep-2025 20:04:45 Asia/Saigon] === mainfile
[21-Sep-2025 20:04:45 Asia/Saigon] === DIRECTORY_SEPARATOR
[21-Sep-2025 20:04:45 Asia/Saigon] === user_functions
[21-Sep-2025 20:04:45 Asia/Saigon] SitemapIndex
[21-Sep-2025 20:04:45 Asia/Saigon] Cap nhat trang thai online
[21-Sep-2025 20:04:45 Asia/Saigon] === Referer + Gqueries ===
[21-Sep-2025 20:04:46 Asia/Saigon] === mainfile
[21-Sep-2025 20:04:46 Asia/Saigon] === DIRECTORY_SEPARATOR
[21-Sep-2025 20:04:46 Asia/Saigon] === user_functions
[21-Sep-2025 20:04:46 Asia/Saigon] SitemapIndex
[21-Sep-2025 20:04:46 Asia/Saigon] Cap nhat trang thai online
[21-Sep-2025 20:04:46 Asia/Saigon] === Referer + Gqueries ===
[21-Sep-2025 20:04:47 Asia/Saigon] === mainfile
[21-Sep-2025 20:04:47 Asia/Saigon] === DIRECTORY_SEPARATOR
[21-Sep-2025 20:04:47 Asia/Saigon] === user_functions
[21-Sep-2025 20:04:47 Asia/Saigon] SitemapIndex
[21-Sep-2025 20:04:47 Asia/Saigon] Cap nhat trang thai online
[21-Sep-2025 20:04:47 Asia/Saigon] === Referer + Gqueries ===
[21-Sep-2025 20:05:17 Asia/Saigon] === mainfile
[21-Sep-2025 20:05:17 Asia/Saigon] === DIRECTORY_SEPARATOR
[21-Sep-2025 20:05:17 Asia/Saigon] === user_functions
[21-Sep-2025 20:05:17 Asia/Saigon] SitemapIndex
[21-Sep-2025 20:05:17 Asia/Saigon] Cap nhat trang thai online
[21-Sep-2025 20:05:17 Asia/Saigon] === Referer + Gqueries ===
[21-Sep-2025 20:05:18 Asia/Saigon] === mainfile
[21-Sep-2025 20:05:18 Asia/Saigon] === DIRECTORY_SEPARATOR
[21-Sep-2025 20:05:18 Asia/Saigon] === user_functions
[21-Sep-2025 20:05:18 Asia/Saigon] SitemapIndex
[21-Sep-2025 20:05:18 Asia/Saigon] Cap nhat trang thai online
[21-Sep-2025 20:05:18 Asia/Saigon] === Referer + Gqueries ===
[21-Sep-2025 20:05:18 Asia/Saigon] === mainfile
[21-Sep-2025 20:05:18 Asia/Saigon] === DIRECTORY_SEPARATOR
[21-Sep-2025 20:05:18 Asia/Saigon] === user_functions
[21-Sep-2025 20:05:18 Asia/Saigon] SitemapIndex
[21-Sep-2025 20:05:18 Asia/Saigon] Cap nhat trang thai online
[21-Sep-2025 20:05:18 Asia/Saigon] === Referer + Gqueries ===
[21-Sep-2025 20:05:18 Asia/Saigon] === mainfile
[21-Sep-2025 20:05:18 Asia/Saigon] === DIRECTORY_SEPARATOR
[21-Sep-2025 20:05:18 Asia/Saigon] === user_functions
[21-Sep-2025 20:05:18 Asia/Saigon] SitemapIndex
[21-Sep-2025 20:05:18 Asia/Saigon] Cap nhat trang thai online
[21-Sep-2025 20:05:18 Asia/Saigon] === Referer + Gqueries ===
[21-Sep-2025 20:06:22 Asia/Saigon] === mainfile
[21-Sep-2025 20:06:22 Asia/Saigon] === DIRECTORY_SEPARATOR
[21-Sep-2025 20:06:22 Asia/Saigon] === user_functions
[21-Sep-2025 20:06:22 Asia/Saigon] SitemapIndex
[21-Sep-2025 20:06:22 Asia/Saigon] Cap nhat trang thai online
[21-Sep-2025 20:06:22 Asia/Saigon] === Referer + Gqueries ===
